16 67 17 65 15 69 18 63 14 71 19 61 13 73 20 59 12 75 21 57 11 77 22 55 10 79 23 53 9 81 24 51 8 83 25 49 7 85 26 47 6 87 27 45 5 89 28 43 4 91 29 41 3 93 30 39 2 95 31 37 1 97 32 35 0 99
16 67
16 65
67 17
17 69
65 15
15 63
69 18
18 71
63 14
14 61
71 19
19 73
61 13
13 59
73 20
20 75
59 12
12 57
75 21
21 77
57 11
11 55
77 22
22 79
55 10
10 53
79 23
23 81
53 9
9 51
81 24
24 83
51 8
8 49
83 25
25 85
49 7
7 47
85 26
26 87
47 6
6 45
87 27
27 89
45 5
5 43
89 28
28 91
43 4
4 41
91 29
29 93
41 3
3 39
93 30
30 95
39 2
2 37
95 31
31 97
37 1
1 35
97 32
32 99
35 0