23 31 27 21 53 26 17 25 24 30 22 14 52 36 46 44 32 33 97 6 55 89 93 92 76 68 70 65 64 51 59 57 56 40 54 61 2 66 99 98 49 1 29 28 12 69 19 18 82 81 80 88 20 62 60 58 38 34 0 16 48 87 84 73 90 72 74 77
23 31
23 21
23 55
23 87
31 27
31 29
27 26
21 53
21 17
21 20
53 52
53 61
26 30
26 58
26 90
17 25
17 49
17 1
25 24
25 89
24 88
30 22
30 14
22 6
14 46
14 12
52 36
52 60
52 48
36 44
36 32
32 33
32 40
33 97
97 65
97 99
6 70
6 2
55 51
55 54
89 93
89 81
89 73
93 92
93 77
92 76
76 68
68 64
68 69
51 59
51 19
59 57
57 56
54 62
54 38
2 66
99 98
1 0
29 28
19 18
18 82
81 80
20 84
38 34
0 16
73 72
90 74