1 96 29 88 85 56 28 95 97 49 57 60 17 23 13 18 22 45 39 89 53 12 36 92 34 27 10 20 69 31 98 79 41 61 43 94 16 2 8 19 99 44 51 7 78 80 37 24 0 63 70 90 73 84 26 76 91 72 32 42 50 33 30 3 83 54 40 52 15 48
1 96
1 29
1 85
1 57
1 50
1 33
1 83
96 88
96 79
96 8
96 42
29 27
29 10
29 69
88 49
88 48
85 56
85 90
56 28
56 41
28 95
28 61
28 63
95 97
95 60
95 13
97 89
97 44
97 52
49 45
49 16
49 37
57 17
17 23
17 0
13 18
18 22
18 92
18 72
22 39
22 7
39 51
89 53
89 84
53 12
12 36
12 34
92 20
92 31
34 91
34 3
10 40
69 98
79 99
61 43
61 19
43 94
94 2
44 24
7 78
78 80
37 32
63 70
63 26
63 30
70 73
90 15
26 76
83 54