87 83 68 89 55 10 57 21 88 19 84 54 9 52 65 91 35 70 3 34 27 95 23 94 0 25 30 98 51 50 8 48 80 18 79 53 7 47 1 28 75 16 73 46 76 74 17 78 33 32 2 26 44 97 45 6 14 43 22 92 69 24 99 67 13 66 81 93 40 42 5 77 58 11 60 15 49 72 38 4 39 59
87 83
87 68
87 70
87 75
87 99
83 19
83 95
83 58
68 89
68 35
68 14
89 55
89 21
89 48
55 10
10 57
21 88
88 65
88 50
88 32
19 84
84 54
84 97
54 9
54 98
9 52
9 53
65 91
65 13
91 22
35 3
35 40
70 93
70 15
3 34
34 27
34 43
27 0
95 23
23 94
94 30
94 80
0 25
0 26
30 1
98 51
98 42
51 33
50 8
50 44
8 49
48 79
48 7
80 18
7 47
7 46
47 28
75 16
75 59
16 73
16 74
46 76
46 78
76 17
32 2
97 45
97 24
45 6
45 38
14 69
14 67
43 92
69 77
13 66
66 81
40 5
58 11
11 60
15 72
72 39
38 4