59 60 93 94 95 96 13 12 11 6 37 38 5 58 57 15 14 61 18 19 83 82 10 26 27 28 29 20 21 22 23 25 24 77 78 79 80 81 88 89 1 0 90 67 68 87 71 70 69 92 32 31 66 53 52 30 86 7 4 3 2 91 16 17 74 62 75 56 50 49 43 44 36 46 47 35 48 63
59 60
59 37
59 58
60 93
60 61
93 94
93 92
94 95
94 52
95 96
95 90
96 13
13 12
13 14
12 11
11 6
11 10
6 7
37 38
37 36
38 5
5 4
58 57
58 67
57 15
57 56
15 16
14 43
61 18
61 62
18 19
18 17
19 83
19 20
83 82
82 29
82 81
10 26
26 27
26 25
27 28
29 30
20 21
20 46
21 22
21 1
22 23
22 77
23 24
23 53
25 74
77 78
78 79
78 88
79 80
88 89
88 87
1 0
67 68
67 66
68 69
87 71
71 70
92 32
92 91
32 31
30 86
4 3
3 2
17 44
62 75
62 63
56 50
50 49
49 48
36 35
46 47