48 51 52 54 55 47 56 46 44 43 42 58 59 40 60 53 39 37 35 62 34 33 31 67 69 70 30 71 29 72 26 73 74 25 24 23 76 22 77 20 79 19 80 16 82 83 84 14 85 12 87 10 88 89 90 8 92 7 94 95 6 66 65 5 97 3 38 49 50 61 63 64 9 4 1 98 18
48 51
48 47
48 49
51 52
51 53
52 54
54 55
55 56
47 46
56 58
46 44
44 43
43 42
42 40
58 59
59 60
40 39
60 62
60 61
39 37
37 35
37 38
35 34
62 67
62 65
34 33
33 31
31 30
67 69
67 66
69 70
70 71
30 29
71 72
29 26
72 73
26 25
73 74
74 76
25 24
24 23
23 22
76 77
22 20
77 79
20 19
79 80
19 16
80 82
16 14
16 18
82 83
83 84
84 85
14 12
85 87
12 10
87 88
10 8
88 89
89 90
90 92
8 7
8 9
92 94
7 6
7 3
94 95
95 97
6 5
65 64
5 4
97 98
3 1
38 50
61 63