70 10 0 2 75 7 3 72 86 1 46 74 59 55 8 58 14 18 79 30 71 19 73 41 50 27 51 80 26 22 76 44 13 20 38 62 81 29 39 49 33 83 66 4 54 84 67 48 47 53 35 25 43 16 15 11 40 65 45 88 34 82 89 24
70 10
70 86
70 8
70 51
70 47
10 0
10 19
0 2
0 3
0 46
0 55
0 14
0 4
0 15
0 11
2 75
2 27
2 83
75 7
7 58
7 29
3 72
72 18
86 1
1 43
46 74
74 59
74 35
59 89
8 76
8 53
58 39
58 25
14 79
14 38
14 88
18 30
18 49
79 71
79 54
30 13
19 73
73 41
41 50
41 80
50 26
50 20
51 67
51 40
26 22
76 44
13 16
20 81
38 62
49 33
83 66
54 84
67 48
47 82
35 24
25 65
65 45
88 34