62 91 96 63 24 81 80 78 79 95 7 6 74 85 54 55 20 86 70 19 67 60 21 48 71 75 37 88 87 22 90 17 16 15 31 93 23 25 64 33 30 34 65 82 12 92 77 84 1 2 27 28 59 43 42 53 68 47 40 41 14 9 97 10 11 58 50 49 98
62 91
62 63
62 78
62 19
62 43
91 96
91 92
96 95
96 70
96 97
63 24
63 7
63 93
63 30
24 81
24 85
24 23
24 25
81 80
80 48
80 87
80 27
78 79
78 77
79 60
95 20
95 9
7 6
7 68
6 74
6 2
6 53
74 67
74 75
74 58
85 54
85 84
54 55
54 37
55 14
20 86
20 21
70 71
70 28
19 17
67 82
21 22
21 31
48 47
48 40
48 49
75 33
37 88
22 90
17 16
16 15
93 50
23 64
64 65
64 98
33 34
30 59
82 12
92 1
43 42
40 41
9 10
97 11