58 80 42 94 10 27 61 14 65 71 89 59 12 30 33 19 81 86 3 37 97 67 26 50 34 23 69 68 87 75 7 53 31 83 82 54 16 36 47 74 98 64 22 13 49 51 21 72 8 28 92 0 41 15 46 29 77 24 66 52 85 60 96 6 17 25 35 56 55 48 5 39 95
58 80
58 42
58 10
58 3
80 94
80 82
80 0
42 33
42 72
42 96
42 39
94 27
94 86
10 61
10 12
10 69
10 25
27 65
61 14
61 22
14 68
65 71
65 52
71 89
89 59
89 19
59 60
12 30
12 51
30 50
33 81
33 67
81 64
86 37
3 97
3 8
3 28
37 7
37 31
37 83
37 21
37 55
97 26
97 23
97 49
67 13
50 34
50 53
50 15
23 87
23 46
87 75
75 74
83 17
82 54
54 16
16 36
36 47
36 56
74 98
13 48
13 95
49 35
51 29
51 66
21 41
8 5
28 92
92 77
41 24
52 85
96 6