1 0 2 99 4 97 6 3 8 95 5 98 10 93 7 96 12 9 91 94 14 11 89 92 16 13 87 18 90 15 85 20 88 17 83 22 86 19 81 24 84 21 26 79 82 23 28 77 80 30 78 32 76 34 74 36 72 38 70 68 40 66 42 64 44 62 46 60 48 58 50 56 52 54 25 75 27 73 29 71 31 69 33 67 35 65 37 63 39 61 41 59 57 43 55 45 53 47
1 0
1 99
1 3
0 2
0 98
2 4
99 97
4 6
97 95
6 8
3 5
8 10
95 93
5 7
98 96
10 12
93 91
7 9
96 94
12 14
9 11
91 89
94 92
14 16
11 13
89 87
92 90
16 18
13 15
87 85
18 20
90 88
15 17
85 83
20 22
88 86
17 19
83 81
22 24
86 84
19 21
81 79
24 26
84 82
21 23
26 28
79 77
82 80
23 25
28 30
77 75
80 78
30 32
78 76
32 34
76 74
34 36
74 72
36 38
72 70
38 40
70 68
68 66
40 42
66 64
42 44
64 62
44 46
62 60
46 48
60 58
48 50
58 56
50 52
52 54
25 27
75 73
27 29
73 71
29 31
71 69
31 33
69 67
33 35
67 65
35 37
65 63
37 39
63 61
39 41
61 59
41 43
59 57
57 55
43 45
55 53
45 47