25 28 31 34 37 40 43 46 49 52 55 58 61 64 67 70 73 76 79 82 85 88 91 94 97 0 3 6 9 12 15 18 21 24 27 22 30 19 33 36 16 39 13 42 10 45 7 4 1 98 95 92 89 86 83 80 77 74 71 68 65 62 59 56 53 50 47 44 41 38 35 32 29 26 23 20 48 17 14 51 11 54 8 5 57 2 60 99 63 96 66 93 69 90 72 87 84 75
25 28
25 22
28 31
31 34
34 37
37 40
40 43
43 46
46 49
49 52
52 55
55 58
58 61
61 64
64 67
67 70
70 73
73 76
76 79
79 82
82 85
85 88
88 91
91 94
94 97
97 0
0 3
3 6
6 9
9 12
12 15
15 18
18 21
21 24
24 27
27 30
22 19
30 33
19 16
33 36
36 39
16 13
39 42
13 10
42 45
10 7
45 48
7 4
4 1
1 98
98 95
95 92
92 89
89 86
86 83
83 80
80 77
77 74
74 71
71 68
68 65
65 62
62 59
59 56
56 53
53 50
50 47
47 44
44 41
41 38
38 35
35 32
32 29
29 26
26 23
23 20
20 17
48 51
17 14
14 11
51 54
11 8
54 57
8 5
5 2
57 60
2 99
60 63
99 96
63 66
96 93
66 69
93 90
69 72
90 87
72 75
87 84