74 57 48 80 54 29 89 27 6 37 70 94 52 36 69 32 7 91 24 8 72 0 67 84 53 61 40 75 45 95 78 31 85 90 82 60 77 63 13 79 11 4 93 1 2 59 17 34 88 81 38 41 99 28 92 42 83 65 49 15 14 10 62 43 12 58 30 16 25 76 71
74 57
74 36
74 24
74 67
74 45
57 48
57 70
57 77
57 15
57 10
48 80
48 92
48 42
80 54
80 29
80 32
80 65
54 37
54 61
29 89
89 27
89 82
89 14
27 6
6 81
37 52
37 78
37 63
37 34
70 94
52 7
52 88
36 69
36 13
69 40
32 31
7 91
91 0
24 8
24 71
8 72
72 75
72 43
67 84
84 53
61 93
61 2
75 11
45 95
45 90
45 83
45 25
95 17
78 79
78 28
31 85
31 30
82 60
77 41
77 62
77 76
79 4
93 1
93 38
2 59
88 16
38 12
41 99
92 49
10 58