6 5 4 7 8 9 10 28 29 30 57 78 34 56 45 31 32 33 3 2 1 20 23 21 22 85 76 11 72 48 12 35 60 67 69 68 96 84 54 55 42 44 43 13 65 36 46 47 93 19 66 90 89 14 37 18 15 17 16 49 41 38 40 39 80 53 58 59 77 61 24 64 86 27 50 83 62 63 73
6 5
6 7
6 78
5 4
4 57
4 3
4 20
4 90
7 8
8 9
9 10
9 85
10 28
10 11
28 29
28 23
28 27
29 30
29 76
30 31
57 56
57 58
78 34
78 77
34 33
34 35
34 80
56 45
56 55
56 93
45 44
45 65
45 46
31 32
31 48
31 60
32 54
3 2
2 1
1 72
20 21
20 19
23 96
23 24
21 22
85 84
85 86
76 67
76 42
11 12
72 69
72 73
48 47
48 49
12 13
35 36
60 59
60 61
67 66
69 68
84 89
84 83
54 53
42 41
44 43
13 14
65 64
36 37
19 18
14 15
37 38
18 17
15 16
49 50
41 40
38 39
61 62
64 63