75 16 39 73 83 36 3 35 52 43 81 18 80 9 53 76 17 77 78 88 21 89 26 27 0 41 5 93 40 42 33 65 19 84 13 64 63 34 62 12 74 87 58 60 11 22 91 69 71 46 68 14 82 50 56 8 49 48 7 10 57 4 38 30 1 28 6 51 20 85 61 67 44 79 45 15 72 2
75 16
75 39
75 36
75 88
75 56
16 73
16 74
39 4
73 83
73 27
73 68
83 52
83 19
36 3
36 30
3 35
3 34
35 85
52 43
52 9
43 81
43 6
81 18
81 28
18 80
18 79
80 76
80 41
80 65
9 53
9 2
76 17
76 48
17 77
17 78
77 26
77 69
78 87
88 21
88 93
21 89
27 0
41 5
5 40
5 42
93 22
42 33
65 13
65 58
19 84
19 82
13 64
64 63
63 12
63 50
34 62
74 60
87 20
60 11
22 91
91 46
69 71
71 15
68 14
68 72
14 67
82 51
50 8
56 49
56 10
48 7
10 57
4 38
30 1
30 61
6 44
6 45