4 54 49 45 65 2 93 71 70 31 75 72 73 74 21 33 32 30 46 47 37 36 7 8 76 12 62 61 5 15 9 81 82 64 6 22 18 11 34 84 50 59 60 51 16 53 86 35 69 42 14 87 23 88 90 89 24 48 3 44 43 77 40 56 20 19 52 28 1 41
4 54
4 49
4 61
4 5
4 87
54 75
49 45
49 50
49 48
45 65
45 46
45 16
45 44
65 2
65 64
2 93
2 88
2 3
2 1
93 71
71 70
71 15
70 31
70 22
70 69
70 42
70 19
31 72
31 32
31 30
31 28
75 74
75 76
72 73
73 84
74 21
21 33
32 9
30 8
30 59
46 47
47 37
47 86
37 36
36 7
36 62
76 12
12 11
62 35
61 60
15 82
15 14
15 90
9 81
81 18
64 6
22 23
11 34
60 51
16 53
53 52
42 40
42 41
87 56
23 24
88 89
89 77
44 43
56 20