27 50 48 18 76 51 52 35 34 45 57 44 43 69 19 95 94 28 33 42 67 68 26 25 5 4 80 81 29 31 16 71 8 99 53 54 1 0 6 61 41 36 9 56 82 46 2 11 22 93 66 20 70 12 64 65 37 62 83 14 15 30 23 13 60 98 87
27 50
27 28
27 26
27 16
27 99
27 61
50 48
50 51
48 18
48 76
18 19
18 33
51 52
51 82
51 70
51 13
52 35
35 34
35 31
35 36
35 60
34 45
45 57
45 44
44 43
43 69
69 95
19 94
19 8
95 5
94 53
28 67
28 29
33 42
42 41
42 2
67 68
67 81
26 25
25 22
5 4
5 6
5 20
4 80
4 87
80 71
80 56
31 12
31 30
16 1
16 15
8 93
53 54
53 83
1 0
61 62
41 11
36 9
36 37
82 46
22 66
22 98
70 23
12 64
64 65
62 14