24 25 34 35 45 44 54 55 26 27 37 47 57 64 74 75 67 77 76 23 22 33 65 66 56 32 42 52 53 17 7 6 5 4 3 2 12 29 39 49 59 69 79 78 63 72 81 87 97 96 95 94 93 92 91 43 84 21 20 30 40 50 60 70 80 51 62 46 90 73 88 98 11 1 10 0 89 15 48 14 16 58 99 18 8
24 25
24 34
24 23
24 14
25 35
25 26
25 15
34 44
34 33
35 45
45 55
44 54
44 43
54 64
54 53
55 65
55 56
26 27
27 37
27 17
27 29
27 18
37 47
47 57
47 46
47 48
57 67
57 58
64 74
64 63
74 75
74 84
74 73
67 77
77 76
77 87
77 88
23 22
22 32
22 12
22 21
22 11
65 66
32 42
42 52
52 51
52 62
17 7
7 6
6 5
5 4
4 3
3 2
29 39
39 49
49 59
59 69
69 79
79 78
63 72
72 81
81 91
81 80
87 97
97 96
96 95
95 94
94 93
93 92
91 90
21 20
20 30
30 40
40 50
50 60
60 70
88 98
88 89
98 99
11 1
11 10
1 0
15 16
18 8