40 74 73 39 56 30 55 31 64 48 65 49 18 99 98 81 17 19 80 97 96 72 10 12 38 16 71 41 47 42 46 43 44 45 95 15 89 9 70 69 66 68 67 94 63 57 32 37 82 13 14 33 62 61 60 58 25 29 36 35 83 50 54 51 20 11 75 59 34 8 21 26 76 53 52 85 84 28 27 5 88 79 6 7 90 2 4 1 0 93
40 74
40 39
40 41
74 73
73 56
73 72
39 30
39 38
56 55
56 57
30 31
30 25
55 64
55 50
31 48
31 32
64 65
64 63
48 49
48 47
65 99
65 66
49 18
18 17
18 19
99 98
98 81
98 97
81 80
81 82
17 12
17 16
19 10
19 20
80 89
80 75
97 96
96 95
96 83
72 71
10 9
12 13
12 11
38 37
38 29
16 15
71 70
41 42
47 46
42 43
46 45
43 44
95 94
15 14
89 88
89 90
9 8
9 2
70 69
69 68
69 60
66 67
94 85
94 93
63 62
57 58
57 51
32 33
37 36
82 76
13 4
14 5
33 34
62 61
58 59
25 26
29 28
36 35
83 84
50 54
54 53
51 52
20 21
75 79
8 7
26 27
5 6
2 1
4 0