35 36 37 60 61 38 39 34 33 40 62 63 64 90 91 0 1 2 3 4 5 6 7 8 9 10 11 12 65 66 67 68 32 31 30 29 28 27 26 25 24 23 22 21 20 19 13 18 14 17 15 16 69 70 75 71 74 73 72 85 89 56 81 82 59 92 84 80 79 78 77 76 94 88 57 41 95 42 83 43
35 36
35 60
35 34
36 37
37 38
37 85
60 61
61 62
61 80
38 39
38 84
39 40
39 83
34 33
33 32
40 90
40 41
62 63
63 64
64 65
64 69
90 91
91 0
0 1
1 2
2 3
3 4
4 5
5 6
6 7
7 8
8 9
9 10
10 11
11 12
12 68
12 13
65 66
66 67
32 31
31 30
30 29
29 28
28 27
27 26
26 25
25 24
25 75
24 23
23 22
22 21
21 20
20 19
19 18
13 14
18 17
14 15
17 16
69 70
70 71
70 81
75 74
74 73
73 72
85 89
89 56
56 59
56 57
81 82
82 92
92 94
84 88
80 79
79 78
78 77
77 76
94 95
41 42
42 43