0 86 64 12 41 25 74 96 53 3 57 40 55 69 1 43 18 29 9 59 5 6 4 52 7 73 24 13 15 79 30 50 92 47 44 89 38 75 26 45 36 66 87 56 95 83 82 35 14 61 8 77 28 2 90 98 58 97 72 23 99 88 42 85 39 48 54 91 70 67 76
0 86
0 64
0 74
0 96
0 57
0 55
0 69
0 29
0 59
0 73
0 79
0 92
0 89
0 75
0 66
0 87
0 56
0 95
0 83
0 82
0 61
0 77
0 90
0 58
0 72
0 88
0 85
0 91
0 70
0 67
0 76
86 40
64 12
12 41
12 3
12 54
41 25
41 45
25 50
96 53
53 13
3 4
3 98
40 7
55 1
69 18
1 43
1 97
1 99
18 38
29 9
59 5
5 6
5 8
6 52
6 39
7 48
73 24
24 15
79 30
92 47
47 44
75 26
26 36
66 14
82 35
77 28
28 2
72 23
88 42