21 68 44 65 56 72 54 16 83 31 0 84 73 15 1 86 64 62 2 76 18 58 81 77 49 25 63 5 10 67 9 78 22 45 82 46 61 19 52 91 35 75 69 29 92 23 90 37 79 7 13 53 6 28 71 12 66 41 51 20
21 68
21 44
21 31
21 19
68 54
68 73
44 65
44 77
44 41
65 56
65 25
65 45
56 72
56 63
56 51
72 15
72 64
72 81
54 16
54 23
16 83
16 37
83 86
83 2
83 78
83 90
31 0
0 84
0 49
84 82
73 18
73 52
73 29
15 1
1 62
62 76
62 22
18 58
18 5
81 10
77 61
49 46
25 53
63 28
5 67
67 9
9 7
46 20
61 92
19 79
52 91
91 35
35 75
75 69
92 71
90 66
37 12
7 13
53 6