49 59 48 47 46 45 51 50 60 39 40 30 69 70 29 80 79 20 89 10 19 11 12 9 13 14 8 7 5 6 99 90 91 98 92 93 97 94 95 96 81 82 83 84 85 86 68 67 31 66 38 61 62 63 65 64 18 28 17 16 15 27 52 58 53 54 55 57 56 44 43 41 42 22 26 23 24 25 37 0 21 77 36 1 4 2 3 88 87 32 35 76 71 73
49 59
49 48
49 39
59 69
59 58
48 47
47 46
46 45
45 51
45 44
51 50
51 52
50 60
50 40
60 70
60 61
39 29
39 38
40 30
40 41
30 20
30 31
69 79
69 68
70 80
70 71
29 19
29 28
80 90
80 81
80 73
79 89
20 10
20 21
89 99
89 88
10 11
10 0
19 9
19 18
11 12
12 13
9 8
13 14
14 5
8 7
5 6
5 4
99 98
90 91
91 92
98 97
92 93
93 94
94 95
95 96
81 82
82 83
83 84
84 85
85 86
68 67
67 66
31 22
31 32
66 65
66 77
38 37
61 62
62 63
63 64
18 17
28 27
17 16
16 15
27 26
52 53
58 57
53 54
54 55
57 56
44 43
41 42
22 23
26 25
23 24
37 36
0 1
77 76
36 35
1 2
2 3
88 87