40 39 30 53 51 52 55 27 26 64 65 15 14 5 76 77 13 38 80 63 2 88 1 60 61 62 28 37 35 36 78 12 85 16 41 66 91 11 3 86 87 10 6 18 31 43 56 68 81 89 93 0 17 19 25 42 44 50 67 69 75 99
40 39
40 53
39 30
30 27
30 38
53 51
53 60
51 52
51 50
52 55
52 56
55 64
55 63
27 26
27 31
26 15
26 28
26 25
64 65
65 76
65 99
15 14
14 5
5 13
5 2
76 77
76 78
76 75
77 80
77 81
13 12
13 16
13 18
13 19
38 37
38 41
38 43
38 44
80 88
80 89
63 66
63 68
63 69
2 1
2 6
88 91
88 87
88 93
1 3
1 0
60 61
61 62
61 67
28 35
35 36
36 42
78 85
12 11
85 86
11 17
3 10