66 13 64 44 25 0 27 69 90 42 5 41 47 7 46 40 31 2 59 98 24 33 97 6 45 53 9 51 8 52 49 14 21 67 88 38 4 37 62 11 58 34 56 92 84 65 81 48 10 55 89 54 68 86 74 57 20 76 22 93 43 30 1 29 28 70 15 71 95 94 16 73 19 83 18 80 60 61 12 87 26 91 79
66 13
66 44
66 90
66 76
66 28
13 64
13 65
64 69
64 62
44 25
44 6
44 51
25 0
25 31
25 56
25 89
0 27
0 26
27 42
27 84
27 70
69 59
69 14
69 95
69 91
90 21
90 61
42 5
5 41
5 40
41 47
47 7
7 46
7 48
31 2
2 33
59 98
59 11
98 24
98 53
33 97
33 86
6 45
6 43
53 9
9 52
51 8
8 49
14 67
14 68
21 88
88 38
38 4
4 37
62 34
62 12
11 58
11 60
56 92
56 10
92 22
84 54
84 19
65 81
81 94
81 18
10 55
10 57
68 74
68 73
86 20
74 16
76 93
43 30
30 1
1 29
70 15
15 71
95 87
19 83
18 80
18 79