0 71 9 58 61 29 64 50 33 20 80 85 10 3 13 69 48 6 53 65 54 78 26 18 56 60 87 31 94 41 57 89 1 68 79 19 38 21 62 74 49 12 98 45 40 5 24 97 76 83 73 11 99 46 44 84 28 91 35 15 27 2 81 25 95 42 77 93 88 90 86
0 71
0 10
0 69
0 65
0 78
0 87
0 94
0 89
0 68
0 79
0 74
0 98
0 97
0 76
0 83
0 73
0 99
0 84
0 91
0 81
0 95
0 77
0 93
0 88
0 90
0 86
71 9
9 58
9 48
9 60
58 61
61 29
29 64
29 85
29 38
64 50
50 33
33 20
20 80
20 13
20 54
10 3
69 6
48 53
65 1
54 26
78 18
26 56
60 31
31 62
94 41
41 57
1 40
68 5
79 19
38 21
38 45
62 49
74 12
5 24
97 44
76 15
83 27
73 11
99 46
84 28
91 35
27 2
81 25
95 42