81 18 71 93 22 91 15 70 62 27 92 47 7 46 50 52 79 69 41 5 42 9 53 0 25 80 48 88 28 34 64 36 3 39 12 63 26 82 32 1 29 99 24 97 45 73 44 6 43 4 37 87 20 85 8 56 10 57 86 60 11 59 72 96 23 95 21 49 89 51 14 67 30 90 16 74 68 35 58 55
81 18
81 71
81 93
81 50
81 99
81 85
18 79
18 80
71 15
71 47
93 22
93 43
22 91
22 92
91 27
91 25
91 87
15 70
15 72
70 62
62 41
62 12
62 57
27 52
27 0
92 82
92 32
47 7
7 46
7 48
50 73
50 8
50 60
52 9
52 64
79 69
69 42
69 14
41 5
9 53
0 26
25 39
80 88
80 56
48 34
88 28
88 21
28 1
34 3
64 36
39 4
12 63
32 29
99 24
24 97
97 45
97 37
73 44
73 16
44 6
43 95
87 20
20 86
85 55
8 49
8 51
56 10
86 59
60 11
11 58
72 96
96 23
21 90
49 89
51 35
14 67
14 68
67 30
16 74