47 48 42 53 41 54 37 40 36 59 35 60 30 65 29 66 71 24 23 72 22 20 18 77 17 78 12 83 11 84 89 6 4 90 0 92 52 50 58 56 16 64 14 68 70 80 82 94 2 32 38 62 74 76 86 85 26 44 8
47 48
47 42
48 53
42 41
42 44
53 54
53 52
41 37
54 59
54 58
54 56
37 40
40 36
36 35
36 38
59 60
35 30
60 65
60 64
60 62
30 29
30 32
65 66
29 24
66 71
66 68
71 72
71 70
24 23
24 26
23 22
72 77
72 74
72 76
22 20
20 18
18 17
77 78
17 12
17 16
78 83
78 80
78 82
12 11
12 14
83 84
11 6
84 89
84 86
89 90
89 85
6 4
6 8
4 0
90 92
0 2
92 94
52 50