66 39 55 20 93 24 35 62 56 64 26 63 77 43 13 47 1 92 34 99 89 6 33 90 50 30 91 97 41 18 12 53 8 70 87 81 52 68 25 15 45 44 10 67 31 51 48 11 61 86 85 75 73 54 16 59 57 29
66 39
66 55
66 77
39 20
39 41
55 93
55 67
20 24
20 81
20 51
93 62
93 90
93 53
24 35
35 31
62 56
56 64
56 13
64 26
64 89
64 33
64 68
26 63
26 12
26 45
63 87
63 44
63 57
77 43
43 18
43 15
43 10
13 47
13 97
47 1
1 92
92 34
92 30
34 99
34 16
89 6
89 86
33 70
33 48
90 50
50 91
50 8
41 61
18 25
8 54
81 52
45 75
45 59
10 11
67 85
75 73
57 29