4 5 88 89 90 50 51 42 41 82 67 68 69 70 71 72 83 84 32 33 61 60 34 40 10 92 91 62 63 64 6 9 8 7 66 20 77 81 78 80 79 21 22 11 23 18 12 17 16 15 13 14 26 25 24 59 52 58 53 57 54 56 55 35 36 39 37 38 31 0 1 99 93 98 94 97 95 96 45 3 27 28 29 30 85 87 86 73 76 74 75 46 65 47
4 5
4 88
4 3
5 67
5 6
88 89
88 87
89 90
90 50
90 91
90 45
50 51
51 42
51 52
42 41
41 82
41 40
82 83
82 81
67 68
67 66
67 77
68 69
69 70
70 71
71 72
71 26
72 33
72 61
72 99
72 73
83 84
84 32
84 85
32 31
33 34
61 60
61 62
60 20
60 59
34 35
40 10
40 39
10 92
10 9
10 11
92 93
62 63
63 64
6 7
9 8
8 0
66 65
20 21
77 78
77 76
81 80
80 79
21 22
22 23
11 12
23 18
23 24
18 17
12 13
17 16
16 15
15 14
26 25
26 27
59 58
52 53
58 57
53 54
57 56
54 55
35 36
36 37
39 38
0 1
99 98
93 94
98 97
94 95
97 96
45 46
27 28
28 29
29 30
87 86
73 74
76 75
46 47