50 60 94 93 34 33 79 89 18 17 64 65 9 8 40 30 80 90 70 66 56 20 52 62 24 25 95 96 58 59 41 47 57 4 3 68 53 63 78 10 0 48 38 32 22 31 85 86 7 87 88 16 11 21 14 13 97 51 61 71 49 5 82 83 69 72 37 26 81 98 46 39 29 15 19 99 6 2 42 76 77 28 92 27 1 74 75 84 67 12 23 91 73 43
50 60
50 40
60 70
94 93
94 95
93 92
34 33
34 24
79 89
79 69
89 99
18 17
18 28
17 16
64 65
64 63
65 66
9 8
9 19
8 7
40 30
40 41
30 20
80 90
80 70
66 56
56 46
20 10
52 62
52 42
52 41
52 53
62 72
24 25
24 15
24 23
25 26
95 96
95 85
96 97
58 59
58 68
58 47
58 48
59 49
59 69
41 31
41 51
47 57
47 37
57 67
4 3
4 5
3 2
68 78
53 63
53 43
78 88
10 0
0 1
48 38
38 28
32 22
32 42
31 21
85 86
85 74
86 87
7 6
87 88
16 15
11 21
11 12
14 13
14 15
13 12
97 98
51 61
61 71
71 81
49 39
5 6
82 83
82 81
83 84
37 27
39 29
29 19
76 77
76 75
92 91
74 75
74 73