5 55 9 89 85 88 87 20 22 21 82 83 80 81 33 49 45 48 58 59 56 57 64 47 70 74 62 42 75 26 28 29 25 90 91 66 43 37 69 35 67 68 46 13 65 78 19 44 84 4 94 92 93 2 63 60 1 10 11 12 32 61 6 34 31 98 99 97 23 73 71 53 8 96 18 14 16 15 86 41 24 39 54 50 77
5 55
5 9
5 8
55 58
55 57
9 89
9 6
89 85
89 28
85 88
85 86
88 87
87 20
20 22
20 23
22 21
21 82
21 24
82 83
82 84
83 80
80 81
81 33
33 49
33 32
49 45
45 48
45 46
48 47
48 4
58 59
59 56
56 90
57 64
64 62
64 63
47 70
70 74
62 42
42 75
42 43
75 26
75 78
28 29
28 25
90 91
90 19
90 94
91 66
66 69
66 65
43 37
43 44
37 35
69 67
35 39
67 68
46 13
13 10
19 18
84 41
94 92
92 93
93 2
63 60
63 11
60 1
60 61
11 12
11 53
11 14
6 34
34 31
31 98
98 99
99 97
23 73
73 71
73 15
8 96
18 16
14 54
86 77
39 50