48 7 46 26 0 27 62 12 61 89 21 88 39 4 53 9 52 37 80 70 47 25 75 16 73 33 2 31 96 54 82 18 81 64 66 13 23 94 35 34 3 40 5 42 65 56 10 57 84 97 98 24 90 49 8 50 93 22 91 95 19 55 78 92 32 99 85 29 1 30 86 20
48 7
48 26
48 70
48 92
7 46
7 47
7 1
46 88
46 53
26 0
0 27
0 25
27 62
27 39
27 57
62 12
62 86
12 61
61 89
61 82
89 21
21 90
39 4
39 96
39 98
4 37
53 9
53 66
9 52
9 54
37 80
80 18
80 85
47 33
47 40
25 75
25 35
25 84
75 16
75 56
16 73
33 2
33 64
2 31
2 32
31 91
96 23
82 34
18 81
81 29
66 13
13 65
23 94
23 95
35 3
40 5
5 42
42 49
56 10
10 55
84 97
84 19
98 24
24 22
90 93
49 8
8 50
55 78
32 99
1 30
86 20