85 46 11 48 66 39 93 24 61 35 14 2 40 62 45 34 20 1 28 59 75 79 0 16 33 44 30 13 42 3 10 29 27 17 55 77 86 94 67 84 56 65 82 88 89 51 38 83 57 19 63 98 36 80 12 7 53 68 9 8 5 32 23 92 50 52 58 60 76 69 26 90 31 49 87 91 22 97 25 70 95 43 41 99 71 37 6 96 18 21 54 81 74 73 15 64 78 4
85 46
85 11
46 48
11 66
48 39
66 93
39 24
93 61
24 35
61 14
35 2
14 40
2 62
40 45
62 34
45 20
34 1
20 28
1 59
28 75
59 79
75 0
79 16
0 33
16 44
33 30
44 13
30 42
13 3
42 10
3 29
10 27
29 17
27 55
17 77
55 86
77 94
86 67
94 84
67 56
84 65
56 82
65 88
82 89
88 51
89 38
51 83
38 57
83 19
57 63
19 98
63 36
98 80
36 12
80 7
12 53
7 68
53 9
68 8
9 5
8 32
5 23
32 92
23 50
92 52
50 58
52 60
58 76
60 69
76 26
69 90
26 31
90 49
31 87
49 91
87 22
91 97
22 25
97 70
25 95
70 43
95 41
43 99
41 71
99 37
71 6
37 96
6 18
96 21
18 54
21 81
54 74
81 73
74 15
73 64
15 78
64 4