16 74 62 73 98 24 97 88 21 90 51 77 34 3 35 99 82 19 83 12 54 9 53 55 26 0 25 86 94 23 95 75 76 52 45 44 6 92 36 63 68 47 39 38 4 33 2 32 37 66 64 13 81 18 96 17 78 80 69 14 22 91 7 48 79 61 10 56 46 72 40 5 41 59 11 58 15 70 28 1 29 57 20 42 31 89 30 8
16 74
16 73
16 75
16 18
16 8
74 62
74 34
62 98
62 12
73 77
73 94
73 28
98 24
98 26
24 97
24 99
97 88
97 79
97 40
88 21
21 90
21 89
90 51
90 86
90 66
34 3
34 54
34 59
3 35
3 36
35 82
35 44
99 83
99 72
82 19
83 78
12 63
12 61
54 9
54 92
54 37
9 53
53 55
55 10
26 0
0 25
25 45
86 20
94 23
94 52
23 95
75 76
75 96
75 58
76 17
52 39
44 6
92 22
92 31
36 38
36 69
63 68
68 47
68 14
47 33
47 7
38 4
33 2
2 32
32 64
32 81
66 13
18 80
96 70
22 91
7 48
61 56
61 41
56 46
72 15
40 5
40 57
5 42
59 11
28 1
1 29
1 30