50 35 30 28 8 14 13 10 5 6 9 19 45 43 46 47 72 56 71 74 49 48 76 3 11 70 20 75 51 82 87 52 69 54 64 65 66 86 67 22 57 23 0 60 73 61 83 77 68 1 39 63 40 38 81 78 80 79 88 34 84 89 85 31 44 37 12 24
50 35
50 72
50 49
35 30
35 39
30 28
30 34
30 31
28 8
8 14
8 6
8 9
14 13
13 10
10 5
10 3
9 19
19 45
19 44
45 43
43 46
43 40
43 37
46 47
47 56
47 48
47 51
72 74
56 71
56 60
71 70
74 76
48 57
76 75
76 87
3 11
3 0
11 20
70 69
70 73
20 22
75 82
51 52
82 83
82 81
87 86
87 88
52 54
69 66
69 68
54 64
64 65
86 67
22 23
23 24
0 1
60 61
73 77
61 63
83 84
77 78
1 12
39 38
81 80
78 79
88 89
84 85