18 34 38 82 28 60 84 32 15 39 90 14 94 46 11 54 73 62 31 55 41 27 21 78 80 68 71 64 67 48 12 44 72 97 83 53 8 58 89 1 91 49 7 79 6 93 65 37 40 47 5 22 2 20 66 69 0 86 16 88 99 59 19 75 70 56 17 98 85 92 51 4 23 29 52 61 9
18 34
18 60
18 8
18 1
18 19
34 38
34 78
34 99
38 82
82 28
82 41
82 64
28 54
28 16
60 84
60 11
60 91
84 32
84 27
84 86
32 15
15 39
15 67
39 90
39 37
90 14
90 85
14 94
14 79
94 46
46 83
11 31
11 48
11 59
54 73
73 62
73 47
31 55
55 88
55 98
41 7
27 21
27 72
27 6
21 71
78 80
80 68
68 5
67 53
67 4
48 12
48 69
12 44
12 22
12 70
44 29
72 97
53 17
8 58
8 56
58 89
1 65
91 49
91 75
49 0
6 93
65 40
65 23
47 2
22 20
2 66
86 51
99 61
59 9
19 52
98 92