46 94 95 72 45 33 71 10 70 69 73 74 81 82 9 8 41 96 98 97 99 0 1 79 44 42 43 85 86 13 12 56 47 78 54 55 20 49 50 18 19 14 15 57 32 66 48 67 63 27 2 83 64 89 88 53 75 22 36 37 29 30 77 58 59 60 28 76 11 35 38 4 3 39 61 26
46 94
46 45
46 10
46 47
94 95
94 89
95 72
95 96
72 73
45 33
45 1
45 44
33 71
33 32
71 70
71 79
10 69
10 9
10 11
70 59
69 41
73 74
73 42
73 37
74 81
74 75
81 82
81 58
82 66
9 8
8 98
96 97
96 61
98 99
97 86
99 0
99 20
0 63
1 83
79 85
79 78
44 43
44 67
44 39
43 77
86 13
13 12
13 14
13 2
12 56
56 57
47 49
47 15
47 48
78 54
78 27
54 55
54 53
49 50
49 4
50 18
50 38
18 19
19 36
83 64
89 88
75 22
37 29
29 30
29 28
77 76
59 60
11 35
4 3
61 26