21 77 68 69 27 70 35 0 63 23 22 74 75 36 15 20 9 8 7 11 43 41 10 28 26 25 38 50 51 52 56 55 37 6 58 60 59 64 65 45 44 49 24 31 42 5 67 48 47 1 19 61 3 4 57 33 32 54 53 2 66 46 12 34 76 73 16
21 77
21 27
21 35
21 63
21 22
21 20
21 9
21 11
21 41
21 6
77 68
77 43
77 76
68 69
68 55
68 67
68 61
69 70
69 74
27 28
27 26
27 33
70 7
70 58
35 0
35 23
35 36
35 34
0 15
0 49
0 1
63 64
23 24
23 31
74 75
74 73
75 50
36 56
36 3
15 47
15 16
20 19
9 8
9 10
9 45
8 52
11 12
43 44
41 38
41 42
28 37
26 25
26 60
50 51
56 57
55 54
6 5
60 59
64 65
45 46
67 48
67 66
1 2
3 4
33 32
54 53