0 84 68 18 70 75 6 59 7 29 83 17 67 77 8 74 3 30 95 38 94 36 90 13 28 43 47 46 58 78 39 85 19 56 66 91 4 82 9 64 20 87 86 35 63 16 15 11 21 5 22 31 54 55 2 34 72 41 37 65 61 42 79 73 88 99
0 84
0 68
0 75
0 83
0 77
0 74
0 95
0 94
0 90
0 78
0 85
0 91
0 82
0 87
0 86
0 35
0 79
0 73
0 88
0 99
84 18
68 13
68 63
68 61
68 42
18 70
18 7
70 30
70 2
75 6
6 59
6 17
6 67
59 58
7 29
17 47
77 8
74 3
3 11
30 46
95 38
38 37
94 36
36 41
90 28
13 39
28 43
28 56
47 65
46 4
58 72
78 9
39 19
56 66
4 34
82 16
9 64
64 20
87 22
86 21
35 54
63 15
21 5
22 31
54 55