80 0 79 86 18 75 34 65 20 54 77 12 61 46 8 41 48 83 29 24 85 63 73 67 1 64 11 14 17 78 74 43 81 2 23 40 3 31 55 39 91 22 76 47 66 57 71 53 21 58 26 56 82 35 16 49 68 28 69 9 59 84 25 10
80 0
80 75
80 43
80 76
0 79
0 61
0 84
79 86
86 18
86 82
18 40
18 91
75 34
75 58
75 68
34 65
65 20
65 41
20 54
20 39
54 77
77 12
77 63
77 53
77 16
61 46
61 48
46 8
46 81
46 10
8 22
41 23
41 71
48 83
48 73
48 21
83 29
29 24
24 85
24 74
85 2
63 67
63 17
63 3
73 14
67 1
1 64
64 11
14 78
78 47
2 55
40 9
3 31
76 66
76 57
66 56
57 28
53 69
53 59
58 26
82 35
35 49
84 25