25 24 33 32 41 50 60 71 35 46 72 56 67 84 74 66 64 54 55 15 14 4 16 3 80 27 2 81 82 1 57 83 0 48 98 58 76 28 47 38 45 69 93 5 44 52 59 88 94 10 20 6 8 43 49 53 62 68 86 89 92 85 11
25 24
25 35
25 15
24 33
33 32
32 41
41 50
41 52
50 60
60 71
71 72
71 80
71 62
35 46
46 56
46 45
72 84
56 67
56 47
67 66
67 57
67 98
67 68
84 74
74 64
66 76
64 54
54 55
15 14
15 16
14 4
14 5
4 3
16 27
3 2
80 81
27 28
27 8
2 1
81 82
82 83
1 0
57 48
83 93
83 92
0 10
0 11
48 58
98 88
58 69
76 86
47 38
45 44
69 59
93 94
5 6
44 53
52 43
59 49
88 89
94 85
10 20