37 51 50 32 52 78 90 9 3 17 13 12 96 11 63 98 35 60 16 87 34 39 4 22 26 28 20 54 27 61 85 31 23 25 41 62 24 10 70 53 15 14 18 84 83 73 40 86 81 72 77 94 89 71 8 5 67 68 33 36 43 21 95
37 51
37 52
37 35
37 41
37 33
51 50
50 32
50 25
32 78
32 39
52 54
78 90
78 70
78 73
78 77
90 9
90 11
90 94
9 3
9 4
3 17
3 40
3 5
17 13
13 12
13 18
12 96
12 16
96 98
96 34
96 68
96 95
11 63
11 20
11 53
11 8
63 60
35 84
60 67
16 87
87 86
34 72
4 22
4 31
22 26
22 24
26 28
26 23
54 27
54 85
27 61
27 43
23 21
41 62
24 10
53 15
15 14
84 83
83 89
73 71
86 81
33 36