36 7 49 11 38 87 97 74 64 68 0 35 4 81 62 92 52 39 83 48 73 17 34 27 37 26 61 88 63 28 3 69 16 75 33 14 31 59 54 40 23 90 60 46 77 47 99 25 24 84 30 98 82 56 50 41 9 93 6 8 89 10 86
36 7
36 64
36 4
36 54
7 49
7 97
7 90
49 11
49 63
49 40
49 89
11 38
11 39
11 48
38 87
38 35
87 93
97 74
97 52
97 26
97 41
97 9
74 0
74 47
74 6
64 68
64 17
64 75
68 92
68 83
0 56
35 81
4 62
81 84
81 10
62 34
62 28
92 61
52 73
39 99
83 33
48 3
17 27
27 37
26 14
26 31
61 88
63 23
28 16
28 24
3 69
75 82
33 25
31 59
40 46
23 8
90 60
46 77
47 86
24 30
30 98
82 50