49 50 48 51 47 52 46 53 45 54 44 55 43 56 42 57 41 58 40 59 39 60 38 61 37 62 36 63 35 64 34 65 33 66 32 67 31 68 30 69 29 70 28 71 27 72 26 73 25 74 24 75 23 76 22 77 21 78 20 79 19 80 18 81 17 82 16 83 15 84 14 85 13 86 12 87 11 88 10 89 9 90 8 91 7 92 6 93 5 94 4 95 3 96 2 97 1 98
49 50
49 48
50 51
48 47
51 52
47 46
52 53
46 45
53 54
45 44
54 55
44 43
55 56
43 42
56 57
42 41
57 58
41 40
58 59
40 39
59 60
39 38
60 61
38 37
61 62
37 36
62 63
36 35
63 64
35 34
64 65
34 33
65 66
33 32
66 67
32 31
67 68
31 30
68 69
30 29
69 70
29 28
70 71
28 27
71 72
27 26
72 73
26 25
73 74
25 24
74 75
24 23
75 76
23 22
76 77
22 21
77 78
21 20
78 79
20 19
79 80
19 18
80 81
18 17
81 82
17 16
82 83
16 15
83 84
15 14
84 85
14 13
85 86
13 12
86 87
12 11
87 88
11 10
88 89
10 9
89 90
9 8
90 91
8 7
91 92
7 6
92 93
6 5
93 94
5 4
94 95
4 3
95 96
3 2
96 97
2 1
97 98