0 40 31 1 60 13 10 24 7 55 51 6 11 90 50 63 46 21 35 82 58 76 14 71 32 92 17 74 36 9 38 44 19 28 67 26 83 47 16 2 69 75 61 85 62 80 65 54 99 86 53 5 89 95 56 8 59 12 96 79 43 81 45 37 49 64 72 84 73 68 15
0 40
0 60
0 55
0 63
0 82
0 58
0 76
0 71
0 74
0 67
0 83
0 69
0 75
0 61
0 85
0 62
0 80
0 65
0 54
0 53
0 56
0 59
0 79
0 81
0 64
0 72
0 84
0 73
0 68
40 31
31 1
1 51
1 90
1 86
1 89
60 13
13 10
13 14
13 9
13 95
10 24
10 50
10 92
10 45
24 7
7 6
7 44
6 11
50 46
63 21
21 35
76 38
14 17
14 12
14 96
71 32
17 36
17 16
17 99
9 15
38 19
38 43
19 28
67 26
83 47
16 2
75 37
53 5
56 8
37 49