7 11 3 97 51 42 64 40 58 22 1 12 96 70 14 66 49 4 52 23 41 20 99 6 54 35 71 34 43 24 85 32 0 61 80 68 26 88 94 92 29 78 48 59 36 76 57 28 33 60 91 77 46 98 18 30 93 89 45 53
7 11
7 3
7 42
7 1
11 97
11 99
11 34
11 48
3 96
3 4
97 51
51 64
42 6
42 43
64 40
64 93
64 53
40 58
40 49
40 88
40 33
58 22
22 12
22 91
22 30
12 70
12 23
96 14
96 66
96 89
70 20
70 46
14 85
49 35
49 78
4 52
4 92
23 41
20 68
99 94
99 59
6 54
54 76
35 71
71 45
34 24
34 80
43 28
85 32
32 0
0 61
68 26
92 29
78 18
59 36
36 60
76 57
60 77
46 98