0 70 68 2 64 58 20 36 17 54 22 71 23 46 37 87 39 11 74 29 26 42 43 1 78 31 55 40 9 52 77 82 13 83 49 27 48 57 4 14 16 81 21 79 75 85 69 60 19 90 95 45 67 47 50 96 92 86 89
0 70
0 58
0 54
70 68
70 49
68 2
2 64
64 17
64 22
64 77
58 20
58 11
58 92
20 36
20 52
36 37
36 16
36 90
17 71
54 23
22 78
22 82
71 46
23 29
23 9
46 87
46 86
37 39
87 1
39 31
11 74
74 26
29 42
26 43
42 45
1 40
78 13
78 75
31 55
55 48
55 50
40 4
40 47
9 14
9 79
52 83
77 85
77 89
82 96
13 57
83 27
49 67
27 21
48 81
57 95
81 19
21 69
75 60