31 75 98 16 2 32 83 74 80 18 81 43 6 45 92 69 40 5 53 41 79 87 20 86 46 66 13 65 7 55 48 61 39 57 10 24 9 97 54 47 99 35 64 12 62 51 49 8 14 68 37 56 94 44 85 42 29 89 21 88 67 4 1 30 77 17 76 70 72 15 58 11 78 3 34 23 95 90 73 19 84 22
31 75
31 98
31 2
31 64
31 85
75 16
75 92
98 24
98 37
98 58
16 74
16 17
16 73
2 32
2 23
32 83
83 80
83 53
83 19
74 43
74 88
74 30
80 18
80 67
80 70
80 72
18 81
18 79
81 61
81 29
43 6
43 69
43 55
6 45
6 44
45 94
92 51
92 22
69 40
69 65
69 14
40 5
5 42
53 41
53 57
53 9
79 87
87 20
20 86
86 46
86 76
46 66
46 7
66 13
66 49
7 47
55 48
55 10
55 89
61 39
61 12
24 97
24 99
9 54
97 56
97 78
99 35
35 3
12 62
51 8
14 68
37 4
94 77
29 1
89 21
21 90
72 15
58 11
3 34
23 95
19 84