72 68 2 4 20 45 36 65 76 21 28 10 70 30 87 18 3 67 69 16 23 64 26 83 48 41 47 33 17 46 74 14 5 1 31 13 97 24 62 55 27 35 59 60 90 81 53 7 94 98 80 43 19 49 29 0 44 86 91 88 92 73 57 58 38 15
72 68
72 2
72 4
68 30
68 46
2 10
2 67
2 73
4 20
4 16
4 23
4 60
20 45
20 70
20 69
20 41
20 29
45 36
36 65
36 86
65 76
65 59
65 58
76 21
76 44
21 28
21 24
21 49
28 87
28 0
28 57
70 3
70 5
70 31
30 74
87 18
87 64
87 53
3 7
67 38
69 47
16 33
16 55
16 92
16 15
23 94
23 19
64 26
26 83
83 48
41 90
41 81
47 17
33 14
74 97
5 1
31 13
97 62
24 27
27 35
7 43
7 91
94 98
98 80
0 88