0 44 53 15 83 10 61 29 89 32 17 78 4 5 38 62 98 50 40 36 76 3 22 94 97 25 95 64 24 30 28 65 51 92 21 14 27 74 79 70 6 20 91 1 49 81 8 63 57 9 13 73 54 72 55 56 7 99 90 18 84 93 88 75
0 44
0 83
0 89
0 78
0 4
0 98
0 76
0 94
0 97
0 95
0 92
0 74
0 79
0 91
0 81
0 7
0 99
0 90
0 84
0 93
0 88
0 75
44 53
44 15
53 50
53 14
15 64
15 9
83 10
10 61
10 62
61 29
61 25
29 32
89 17
17 70
17 49
78 5
4 30
5 38
38 22
50 40
50 3
40 36
40 13
3 63
22 72
94 24
97 28
25 65
64 57
24 55
30 27
28 51
28 56
92 21
14 73
27 54
74 1
79 6
6 20
81 8
90 18