4 46 92 84 12 26 75 53 41 67 43 57 74 30 23 76 16 58 88 42 11 27 72 62 60 31 68 33 93 80 69 91 87 6 59 32 40 22 77 45 34 54 85 48 64 79 29 36 49 39 3 15 70 95 17 2 90 7 20 73 97 5 50 37 8 14
4 46
4 92
4 26
4 85
4 36
46 84
46 77
46 5
92 12
92 57
92 59
92 20
84 75
84 76
12 53
12 88
12 17
26 42
26 68
75 91
75 49
53 41
53 22
41 67
41 58
41 80
41 70
67 43
43 74
57 23
57 31
57 93
74 30
74 39
76 16
88 11
88 54
42 72
11 27
27 62
27 60
27 97
72 32
60 8
31 3
68 33
68 95
33 6
80 69
80 48
91 87
91 15
59 45
59 90
32 40
22 64
22 37
77 29
45 34
45 79
15 14
70 50
17 2
90 7
20 73