19 52 75 74 26 59 29 98 0 72 8 18 46 97 7 44 24 62 37 16 42 56 10 35 90 58 68 65 23 99 28 48 39 54 73 92 61 50 12 47 34 94 2 63 55 6 86 3 11 66 5 9 85 4 31 78 76 53 21 95 49 33 32
19 52
19 59
19 72
19 92
19 9
52 75
52 68
52 63
75 74
75 53
74 26
74 42
26 29
26 65
26 33
59 44
59 35
29 98
29 86
98 0
98 66
0 18
0 62
0 2
0 21
72 8
72 32
8 28
8 11
18 46
18 10
18 61
46 97
46 76
97 7
97 37
7 47
7 94
44 24
44 6
62 56
37 16
42 23
42 34
56 78
10 48
35 90
90 58
90 54
68 85
65 50
23 99
23 3
99 55
99 95
28 5
48 39
39 73
61 4
50 12
47 49
6 31