25 20 27 70 21 18 2 19 0 71 79 1 98 96 97 88 44 45 82 85 83 84 16 15 89 22 14 24 49 34 42 38 40 39 7 57 92 90 86 87 10 12 11 8 33 75 74 35 55 32 68 60 50 58 64 61 62 63 65 69 23 47 94 95 99 66 13 46
25 20
25 27
25 10
20 21
20 19
20 63
27 70
70 71
70 69
21 18
21 22
18 2
18 16
2 0
2 68
19 44
0 1
71 79
79 82
79 75
1 98
98 96
96 97
97 88
88 89
88 74
44 45
45 49
45 42
82 85
85 83
83 84
84 92
84 86
84 99
16 15
15 14
15 7
89 57
22 24
22 23
24 38
49 34
34 33
42 40
38 47
40 39
7 8
57 55
57 58
92 90
86 87
10 12
12 11
12 13
33 35
75 60
74 64
35 32
55 50
68 66
60 62
58 61
64 65
69 94
47 46
94 95