82 19 84 38 95 23 94 71 28 1 29 46 55 10 96 57 27 54 9 91 53 42 5 40 15 70 87 39 74 61 12 62 4 72 50 43 6 44 69 14 68 22 92 7 48 32 59 11 58 56 88 21 89 36 34 3 30 98 51 8 47 79 16 75 93 20 85 0 25 97 77 17 78 24 45 52 35 73 18 80 86 37 83 31
82 19
82 38
82 50
82 59
82 34
19 84
19 83
84 28
84 79
38 95
38 42
38 4
38 68
95 23
95 73
23 94
23 96
94 71
94 46
94 80
71 15
71 77
28 1
1 29
1 30
29 52
46 55
46 7
46 36
55 10
55 69
55 45
10 57
10 56
96 91
96 32
96 97
96 31
57 27
27 54
27 74
27 0
54 9
91 53
91 22
42 5
5 40
40 39
40 98
15 70
15 72
70 87
70 62
87 20
74 61
74 16
61 12
4 37
50 43
50 8
50 25
43 6
6 44
69 14
69 51
22 92
22 93
7 48
7 47
32 58
59 11
56 88
88 21
21 89
34 3
3 35
79 18
16 75
20 85
97 24
77 17
17 78
80 86