23 72 11 71 24 58 35 48 45 10 55 9 38 54 59 87 61 60 31 6 13 84 77 16 78 34 15 1 2 40 50 62 7 8 85 86 46 68 32 80 81 53 64 65 5 27 28 29 88 17 18 20 19 41 36 63 12 51 14 22 4 3 82 25 44
23 72
23 11
23 24
23 7
23 64
23 22
72 71
72 45
72 88
72 18
11 10
11 77
11 12
11 25
71 58
24 87
24 40
24 50
24 68
58 35
58 31
58 6
35 48
35 55
48 59
48 53
48 29
45 13
45 46
45 44
10 9
9 38
9 84
38 54
59 60
87 61
61 62
31 85
31 32
31 51
6 34
6 5
13 1
13 14
84 16
84 80
77 78
16 15
34 17
1 2
2 3
40 41
50 86
62 81
7 8
7 20
46 27
68 28
81 82
64 65
64 63
5 4
20 19
41 36