86 48 34 8 29 79 24 36 83 52 91 47 80 43 94 77 2 21 60 12 74 35 75 65 97 68 25 1 58 61 17 27 5 39 62 82 10 85 26 72 18 93 0 6 71 38 46 64 11 95 87 92 59 37 90 9 32 49 42 66 53 98
86 48
86 34
86 94
86 77
86 65
86 62
86 9
48 74
48 46
34 8
8 29
8 36
29 79
29 80
29 43
79 24
79 37
24 1
24 5
24 66
36 83
83 52
83 75
83 49
52 91
52 59
91 47
91 38
91 92
43 60
43 58
43 72
43 95
94 2
94 6
77 12
77 25
2 21
2 42
12 32
74 35
74 68
74 82
65 97
1 61
1 26
61 17
17 27
17 71
5 39
39 10
82 85
26 93
72 18
18 0
93 11
6 64
38 98
95 87
37 90
66 53