54 17 43 77 6 34 32 75 91 65 11 31 5 42 16 53 27 64 45 2 30 36 73 20 63 26 69 35 1 44 10 68 25 96 59 38 41 15 58 84 47 48 14 51 61 24 66 23 57 72 46 83 40 3 50 39 76 98 55 92 60 89 33 7 22
54 17
54 91
54 11
54 20
17 43
43 77
43 6
77 34
6 32
34 68
34 60
32 75
32 66
75 38
75 41
91 65
65 31
65 39
65 22
11 45
31 5
5 42
5 48
42 16
16 53
53 27
53 10
53 96
27 64
64 30
64 98
45 2
2 36
36 73
20 63
63 26
26 69
69 35
35 1
35 61
35 72
1 44
68 25
25 51
96 59
41 15
15 58
58 84
58 24
84 47
84 50
48 14
66 23
66 92
23 57
57 83
72 46
46 89
83 40
40 3
39 76
76 33
98 55
33 7