1 93 68 44 34 56 61 21 0 32 50 60 41 65 11 40 63 13 87 35 20 59 81 73 86 79 39 99 29 58 28 90 18 46 9 2 75 24 12 33 71 5 67 26 88 3 54 98 27 72 94 95 16 82 49 92 43 74 10 15 84 37 42 70 91 69 77 55 97
1 93
1 34
1 13
1 87
1 75
93 68
93 21
93 9
93 97
68 44
68 40
68 58
68 27
68 16
44 41
44 99
44 95
44 70
34 56
34 73
34 10
56 61
61 37
21 0
21 43
0 32
0 26
0 82
32 50
50 60
50 55
41 65
65 11
65 86
65 74
40 63
40 35
40 79
13 54
87 28
87 18
87 2
35 20
20 59
59 81
59 33
59 67
73 71
86 46
79 39
99 29
58 90
58 15
28 24
90 72
46 91
9 88
24 12
24 5
12 98
5 69
67 94
88 3
27 84
94 92
95 42
16 49
43 77