55 22 88 1 45 19 4 18 60 15 53 33 61 64 84 72 17 11 2 51 76 10 3 96 52 62 98 67 5 87 54 36 35 70 6 7 66 56 41 81 23 25 39 8 49 37 27 80 94 34 32 26 46 24 38 12 28 9 20 59 14 43 21 13 31 47 48 30 50 69
55 22
55 88
55 19
55 60
55 46
22 45
22 53
88 1
1 4
1 5
45 18
19 15
19 13
4 11
4 2
4 48
18 17
18 27
18 26
60 61
15 96
15 14
53 33
33 64
61 62
61 47
64 84
64 34
84 72
72 52
17 28
11 51
2 76
51 10
76 3
10 20
3 7
3 9
96 67
52 36
52 41
62 98
98 87
67 54
5 6
87 70
54 35
54 37
36 59
70 66
6 8
7 49
66 56
56 39
56 38
41 81
81 23
23 25
8 12
37 69
27 80
80 94
34 32
26 31
46 24
46 43
12 50
28 30
20 21