77 17 76 57 10 55 82 19 52 84 35 88 3 98 24 99 36 80 62 12 63 56 48 95 23 25 96 0 27 78 21 90 59 11 60 61 30 1 29 71 44 97 26 15 72 42 49 9 8 54 50 45 6 64 13 65 33 2 32 7 37 46 73 16 75 89 4 38 31 91 22 40 5 74 69 14
77 17
77 52
77 25
77 45
77 69
17 76
17 78
76 57
57 10
57 35
57 74
10 55
10 56
55 82
55 30
55 71
82 19
82 60
19 84
52 9
52 33
84 95
84 38
35 88
35 3
88 98
88 21
88 64
88 73
88 31
3 36
3 4
98 24
24 99
24 97
99 80
36 62
62 12
12 63
12 61
56 48
48 7
95 23
23 96
25 0
96 49
0 27
21 90
21 89
90 59
59 11
61 42
30 1
30 91
1 29
71 44
71 15
44 6
97 26
15 72
49 8
9 54
54 50
45 32
64 13
13 65
33 2
32 37
7 46
73 16
16 75
89 40
91 22
40 5
69 14