0 1 95 65 23 42 40 10 18 19 36 90 12 8 68 79 72 32 28 26 98 54 89 11 50 3 84 4 7 43 59 17 20 62 53 60 51 47 75 35 85 6 82 69 27 29 38 86 16 93 52 9 87 96 57 15 2 94 88 91 97 66 70 64
0 1
0 65
0 36
0 68
0 79
0 72
0 54
0 50
0 59
0 62
0 53
0 60
0 51
0 47
0 75
0 69
0 52
0 57
0 66
0 70
0 64
1 95
1 90
1 98
1 89
1 84
1 85
1 82
1 86
1 93
1 87
1 96
1 94
1 88
1 91
1 97
65 23
23 42
23 16
42 40
42 32
42 9
40 10
10 18
18 19
18 8
36 26
36 3
90 12
12 27
32 28
26 35
54 11
11 20
11 38
50 7
3 4
4 43
59 17
85 6
82 2
69 29
57 15