65 12 5 62 59 58 54 61 71 69 2 77 56 55 30 60 66 67 6 0 1 53 57 70 63 68 78 50 51 52 76 72 23 75 19 15 14 74 64 35 44 48 17 47 46 13 79 29 36 18 3 4 8 11 32 21 20 22 28 10 9 37 38 43
65 12
65 62
65 71
12 5
12 11
5 2
5 13
5 4
62 59
62 63
62 64
59 58
59 57
59 68
58 54
58 56
54 61
54 55
54 60
61 69
71 66
71 72
69 22
2 77
2 1
77 30
56 53
55 6
55 50
30 19
30 35
30 29
60 67
67 78
6 0
6 8
6 9
0 17
0 3
53 52
53 74
57 70
70 76
78 79
78 32
50 51
51 75
52 44
76 23
72 48
23 21
75 15
19 14
19 20
15 10
35 36
44 43
48 47
47 46
13 28
79 18
36 37
37 38