34 30 11 68 54 43 93 49 28 31 19 83 0 20 51 48 24 65 52 36 57 64 56 1 76 74 73 7 92 35 40 2 70 61 84 97 95 41 12 18 6 91 88 13 80 9 55 99 69 94 79 58 81 25 87 82 66 85 38 59 8 5 42 27 46 96 98 29 26 44 16 50 22 75 33 53 67
34 30
34 54
34 51
34 61
34 9
34 87
34 46
34 16
30 11
30 20
30 33
11 68
11 82
11 27
68 19
68 36
68 74
68 95
68 25
68 67
54 43
54 53
43 93
43 35
93 49
93 92
49 28
49 84
49 22
28 31
28 6
31 83
31 64
31 99
83 0
83 76
0 13
20 52
20 18
20 94
20 98
51 48
51 75
48 24
48 97
48 81
48 8
24 65
24 79
52 73
36 57
36 12
64 56
56 1
56 70
74 7
74 2
74 26
73 44
35 40
35 5
95 41
41 80
12 50
18 85
6 91
91 88
9 55
55 58
99 69
81 42
87 59
82 66
85 38
46 96
98 29