2 4 1 12 5 94 11 29 91 26 6 93 86 9 19 88 20 64 36 35 24 92 71 74 15 85 83 84 52 17 18 54 53 22 8 23 16 10 7 32 61 75 31 79 3 28 21 42 62 13 25 38 0 90 34 39 51 80 60 78 77 57 63 55
2 4
2 12
2 94
2 3
4 1
1 5
1 29
1 79
1 62
1 0
1 80
12 11
12 8
5 6
5 9
94 92
94 23
11 52
11 10
11 39
29 91
91 26
91 13
26 24
6 93
6 74
93 86
86 19
9 88
9 54
9 28
19 20
19 18
19 61
88 64
20 35
64 36
36 83
35 34
24 71
24 17
24 25
92 15
92 51
15 85
85 75
83 84
52 22
17 16
54 53
8 7
23 32
16 78
10 31
7 38
32 63
61 60
75 77
31 57
3 21
21 42
62 55
0 90