45 51 49 50 52 44 41 55 35 33 59 19 65 67 73 77 20 21 13 88 89 22 24 25 10 68 70 86 34 71 18 12 4 91 99 3 79 76 15 58 90 64 61 63 62 6 23 11 60 66 39 93 27 97 85 87 82 81 84 83 2 7 32 72 38 46 96
45 51
45 44
45 46
51 49
49 50
50 52
52 55
52 61
44 41
41 35
55 59
35 33
33 19
33 34
59 65
59 58
19 20
19 22
19 18
65 67
65 68
65 64
65 66
67 73
73 77
73 72
77 88
77 71
77 79
77 76
20 21
21 13
13 10
13 12
13 4
88 89
88 85
88 87
89 86
89 99
22 24
24 25
25 15
25 23
10 6
10 11
68 70
86 91
34 39
18 32
4 3
91 90
99 97
3 2
79 82
76 81
15 27
58 60
90 93
64 62
61 63
6 7
39 38
97 96
85 84
82 83