0 55 25 51 32 53 22 78 57 97 27 24 42 74 18 83 93 69 50 11 98 65 49 92 46 37 54 7 36 59 43 60 52 91 2 38 80 86 99 44 31 64 76 20 90 35 88 33 9 63 5 6 3 89 34 28 71 70 77 68 82 73
0 55
0 97
0 74
0 83
0 93
0 69
0 98
0 65
0 92
0 91
0 2
0 80
0 86
0 99
0 64
0 76
0 90
0 88
0 63
0 89
0 71
0 70
0 77
0 68
0 82
0 73
55 25
55 9
25 51
25 54
25 20
51 32
32 53
53 22
53 57
22 78
22 18
57 27
57 50
27 24
24 42
42 49
93 38
50 11
98 43
65 7
49 46
92 37
54 36
36 59
43 60
60 52
2 28
86 31
99 44
64 6
20 3
90 35
88 33
63 5
89 34