57 10 90 21 88 59 11 60 31 45 62 12 61 56 67 68 14 55 53 43 87 28 47 7 48 27 0 25 77 17 78 95 37 49 96 23 58 73 4 38 85 20 76 69 82 19 84 99 71 15 70 6 1 29 24 98 9 52 72 51 8 2 79 18 81 93 22 92 39 40 80 36 50 46 41 3 44 83 16
57 10
57 90
57 48
57 73
57 93
10 56
10 55
90 21
90 40
21 88
88 59
88 85
59 11
11 60
11 17
11 58
11 15
60 31
60 70
60 81
31 45
31 2
45 62
45 87
45 6
62 12
62 68
62 99
12 61
61 27
61 37
56 67
56 76
68 14
14 69
55 53
55 25
55 79
53 43
53 9
53 36
43 47
43 95
87 28
28 1
47 7
7 46
27 0
27 77
27 82
17 78
95 23
37 49
37 4
49 96
96 71
73 38
73 16
4 39
85 20
85 51
69 41
82 19
19 84
99 24
15 72
6 44
1 29
24 98
9 52
51 8
8 50
79 18
93 22
22 92
40 80
36 3
44 83