59 11 52 60 99 9 90 62 54 58 75 66 13 16 74 25 0 26 65 12 72 79 18 81 43 96 68 14 67 97 24 98 39 4 38 83 19 84 80 50 8 49 35 86 61 36 3 15 71 77 48 7 46 91 57 10 55 56 76 17 23 94 78 69 51 53 42 5 6 45 92 22
59 11
59 52
59 66
59 68
11 60
11 58
52 9
52 56
60 99
99 90
99 24
99 98
99 83
99 84
9 54
9 53
90 62
62 12
62 79
62 97
62 48
58 75
75 16
75 72
66 13
66 50
66 69
13 65
16 74
74 25
74 92
25 0
25 57
0 26
26 76
12 61
72 96
72 86
72 15
79 18
79 77
18 81
81 43
43 6
96 23
68 14
68 39
14 67
98 38
39 4
39 91
83 19
84 80
84 78
50 8
8 49
8 51
49 35
61 36
36 3
15 71
77 17
48 7
7 46
57 10
10 55
23 94
53 42
42 5
6 45
92 22