91 71 76 42 61 70 16 69 85 51 32 87 84 86 10 28 29 13 90 33 65 98 40 56 0 96 36 20 44 57 92 31 2 53 12 52 77 75 49 68 99 60 39 78 54 37 83 24 94 11 6 14 19 41 82 47 48 81 30 21 22 34 17 26 66 64 79
91 71
91 76
91 42
91 69
71 87
71 65
71 20
71 78
71 22
76 70
76 0
76 96
76 37
42 61
42 86
61 84
61 60
61 30
70 16
70 2
70 64
16 85
16 28
16 11
16 34
69 51
69 32
69 40
85 77
32 12
87 33
87 53
84 29
84 21
86 10
86 98
86 41
10 44
10 79
28 6
28 14
29 13
29 56
29 57
13 90
65 49
56 19
96 36
96 94
36 52
36 48
20 99
57 92
92 31
53 47
12 83
52 75
77 39
49 68
99 17
78 54
54 82
54 26
37 24
83 81
21 66