79 57 38 80 93 16 68 75 94 95 96 74 69 73 46 39 67 64 66 65 87 24 40 84 25 15 14 63 13 43 58 33 32 1 97 85 7 31 8 76 77 52 28 42 49 37 62 70 26 17 72 56 29 2 9 4 92 91 90 18 86 59 45 30 6 81 19 20 83 53 98
79 57
79 38
79 80
79 7
57 16
57 56
38 39
38 37
38 98
80 93
80 75
80 81
93 94
93 84
93 92
16 68
16 15
16 17
68 67
68 4
75 74
75 76
94 95
94 46
95 96
96 69
96 97
74 73
74 25
73 72
46 64
46 45
39 40
39 70
67 66
67 58
67 53
64 63
64 9
66 65
65 87
87 24
84 43
84 85
84 49
84 83
25 33
25 1
15 14
14 13
63 62
43 42
33 32
32 31
1 2
97 59
85 86
7 8
7 6
76 77
77 52
52 28
52 26
70 20
17 18
72 29
29 30
92 91
91 90
18 19