48 50 51 47 52 45 54 44 55 57 42 40 59 39 60 37 61 36 63 64 34 33 66 31 67 69 30 70 28 72 27 25 24 74 75 77 78 23 21 79 19 18 81 17 83 15 84 13 85 12 87 10 88 90 9 7 92 6 93 5 95 96 3 98 2
48 50
48 47
50 51
51 52
47 45
52 54
45 44
54 55
44 42
55 57
57 59
42 40
40 39
59 60
39 37
60 61
37 36
61 63
36 34
63 64
64 66
34 33
33 31
66 67
31 30
67 69
69 70
30 28
70 72
28 27
72 74
27 25
25 24
24 23
74 75
75 77
77 78
78 79
23 21
21 19
79 81
19 18
18 17
81 83
17 15
83 84
15 13
84 85
13 12
85 87
12 10
87 88
10 9
88 90
90 92
9 7
7 6
92 93
6 5
93 95
5 3
95 96
96 98
3 2