47 7 30 1 46 29 42 5 40 93 99 94 53 35 83 19 84 3 34 37 4 39 28 76 44 6 43 32 2 31 36 73 86 57 10 56 22 91 67 75 16 48 17 78 55 60 81 77 50 8 49 90 21 88 24 98 65 13 33 66 23 95 27 0 25 11 58 89 82 9 52 14 68 45 63 12 61 64 62 18 80 54 72 15
47 7
47 30
47 76
7 46
30 1
30 56
30 45
1 29
1 28
46 84
46 90
46 65
29 42
42 5
5 40
40 93
40 39
93 99
93 22
99 94
99 48
99 81
99 24
94 53
94 23
53 35
53 9
35 83
35 3
35 73
83 19
83 27
19 82
84 89
3 34
3 36
34 37
34 44
37 4
28 32
28 60
76 17
44 6
6 43
32 2
32 72
2 31
2 33
73 86
73 16
86 57
57 10
10 55
22 91
91 67
91 25
67 75
67 14
17 78
17 77
60 11
81 18
77 50
50 8
8 49
90 21
21 88
24 98
65 13
13 64
33 66
23 95
95 63
27 0
11 58
9 52
9 54
14 68
63 12
12 61
12 62
18 80
72 15