50 56 29 63 60 61 34 41 46 39 22 38 44 37 21 15 20 13 36 30 26 24 31 62 98 95 94 96 93 91 90 17 16 11 4 9 14 64 86 51 54 12 87 82 32 81 84 68 6 77 83 35 76 58 80 47 8 7 2 28 27 33 73 10 65 67 74 92
50 56
50 29
56 63
29 34
29 22
29 51
29 35
63 60
60 61
61 62
61 64
34 41
41 46
46 39
46 47
39 38
22 21
22 17
38 44
38 32
44 37
44 95
37 36
21 15
15 20
20 13
20 14
13 26
13 12
36 30
30 24
26 33
24 31
62 98
98 94
98 74
95 96
94 93
96 91
93 90
91 87
91 92
90 86
17 16
16 11
11 4
11 10
4 9
9 8
64 68
64 67
86 82
51 54
54 58
12 6
87 84
82 81
81 77
84 83
68 65
6 7
77 76
83 80
35 28
76 73
8 2
28 27