96 80 93 71 74 82 63 88 32 2 92 79 78 66 90 54 85 12 67 87 8 25 51 72 13 23 73 58 50 89 69 46 16 83 56 75 77 49 81 40 84 38 33 36 30 94 91 52 60 98 28 48 57 15 47 9 95 7 86
96 80
96 71
96 78
96 66
96 52
80 93
80 75
93 82
93 88
93 94
71 74
71 73
71 46
74 63
74 2
74 81
82 12
63 85
63 67
88 32
88 92
32 25
2 16
92 79
92 50
78 8
66 90
90 54
90 89
90 83
90 84
54 33
54 91
12 58
67 87
87 69
8 23
25 51
51 72
72 13
13 47
73 36
73 98
58 40
50 9
69 86
46 38
16 56
83 77
83 28
77 49
49 15
81 57
81 95
40 7
38 48
36 30
52 60