23 28 70 19 60 69 72 96 5 21 76 64 48 20 17 34 42 11 62 6 1 82 25 61 83 97 16 49 13 88 53 26 39 80 67 38 73 15 95 85 87 91 18 58 78 2 8 9 32 54 36 86 98 41 56 47 65 10 52 14 7 99 46 89 0 68 51
23 28
23 70
23 96
23 91
28 19
28 11
70 5
19 60
19 65
19 99
60 69
69 72
69 83
69 18
69 89
72 21
72 17
72 62
96 1
96 49
5 13
5 85
21 76
21 39
21 98
21 52
76 64
76 73
76 14
64 48
64 97
48 20
48 41
17 34
34 42
34 67
34 0
42 32
42 10
11 61
11 95
62 6
62 88
62 87
6 51
1 82
1 86
82 25
83 2
97 16
16 15
13 38
88 53
88 54
53 26
39 80
38 46
73 36
85 78
87 7
18 58
78 47
2 8
8 9
54 68
41 56