1 7 32 39 4 2 10 5 63 29 16 92 18 6 30 23 3 67 54 11 17 74 71 72 36 22 24 13 28 49 48 46 60 0 70 57 20 84 44 8 12 33 34 9 75 98 93 89 47 58 42 86 87 26 82 15 38 27 37 25 73 61 59 55 14 69 88 53 97 83 81
1 7
1 39
1 4
1 5
1 16
7 32
32 10
32 29
39 63
39 15
39 38
4 2
2 3
2 13
2 47
10 92
10 8
5 11
5 0
5 12
5 73
63 54
63 84
29 30
16 18
16 53
92 71
92 70
92 34
18 6
6 67
30 23
23 24
23 89
3 22
3 20
67 17
67 57
54 60
54 55
11 74
17 44
17 42
74 28
74 75
71 72
71 37
72 36
72 33
22 14
24 86
28 49
49 48
48 46
60 98
0 26
70 93
57 58
20 82
44 61
12 9
34 27
98 97
93 69
89 88
47 81
58 83
42 87
82 59
37 25