7 47 40 5 41 58 66 13 65 46 78 31 2 33 69 14 67 11 59 44 54 9 52 50 17 77 88 27 0 26 53 8 49 51 48 57 25 64 35 6 45 21 38 89 39 4 3 95 36 34 61 68 76 84 19 83 37 74 16 73 91 22 29 93 30 1 12 63 56 92 85 20 87 23 94 60 81
7 47
7 46
7 48
7 3
47 40
47 57
47 30
40 5
40 27
5 41
5 4
41 58
58 66
58 11
58 95
58 56
66 13
13 65
13 64
46 78
46 26
78 31
78 17
31 2
31 50
2 33
33 69
69 14
14 67
14 68
11 59
11 60
59 44
44 54
44 6
54 9
54 74
9 52
52 38
50 8
17 77
17 76
77 88
88 21
88 91
27 0
27 73
0 25
26 53
53 87
8 49
8 51
25 35
64 85
6 45
21 89
89 39
89 63
4 37
3 34
95 36
95 23
34 61
61 12
76 84
84 19
19 83
74 16
73 29
91 22
22 93
30 1
56 92
85 20
23 94
60 81