35 31 25 0 26 44 47 7 48 91 70 15 88 21 89 72 90 78 17 76 84 19 83 60 55 67 14 68 22 93 74 16 73 95 23 82 94 10 57 62 12 64 61 2 32 80 18 42 81 71 49 63 6 45 69 85 77 97 38 28 40 5 24 99 52 92 87 3 4 37 36 39 41 33 66 59 11 98 56 13 20 27 86 96
35 31
35 25
35 47
35 95
35 3
31 44
31 2
25 0
25 62
0 26
0 27
26 73
26 42
26 37
44 88
44 6
47 7
47 55
47 85
7 48
48 91
48 68
48 38
91 70
91 22
91 56
70 15
70 74
15 71
88 21
21 89
21 90
89 72
90 78
78 17
17 76
17 77
76 84
84 19
84 67
19 83
19 82
83 60
83 64
55 10
67 14
22 93
22 92
93 99
74 16
74 80
95 23
95 87
23 94
23 96
10 57
62 12
62 52
12 61
12 63
61 40
2 32
2 33
80 18
42 81
42 5
81 69
81 66
71 49
6 45
85 97
97 24
38 28
38 4
5 41
24 98
87 20
3 36
36 39
33 59
66 13
59 11
27 86