1 66 6 26 21 24 92 2 65 51 69 54 25 78 50 5 84 7 36 48 22 53 43 73 82 33 57 85 40 75 62 37 3 64 95 91 31 27 29 87 55 0 98 74 81 86 30 90 52 17 61 79 10 80 68 35 13 47 8 58 39 76 93 96 70 16 89 59 94 42 88 63 41 18 34 71 9
1 66
1 24
1 54
1 84
1 10
1 34
66 6
66 26
66 50
66 55
6 7
6 73
6 33
6 74
26 21
26 51
26 25
26 64
26 30
21 92
21 43
21 75
21 59
24 65
24 62
92 2
2 5
2 90
65 17
65 94
51 69
51 91
69 53
54 36
54 76
25 78
25 82
25 79
50 95
50 61
5 29
84 87
84 86
7 3
7 68
36 48
48 22
22 40
43 98
43 35
33 57
33 80
57 85
57 37
85 70
75 58
62 27
62 47
3 52
3 18
95 88
95 9
91 31
29 39
55 0
98 63
74 81
74 89
10 16
35 13
47 8
39 96
76 93
94 42
88 41
34 71