77 38 64 34 3 35 54 9 29 1 30 52 17 59 11 58 13 66 73 16 74 57 10 42 5 56 44 40 78 47 7 48 4 37 61 12 53 63 84 92 19 82 6 45 97 24 99 46 67 14 69 22 93 28 51 8 49 76 95 72 15 70 86 20 85 81 18 79 91 88 32 65 41 62
77 38
77 64
77 17
38 29
38 4
38 97
64 34
64 13
64 72
34 3
34 85
3 35
35 54
35 57
54 9
9 52
9 53
29 1
29 59
29 32
1 30
1 28
52 81
17 78
17 76
59 11
11 58
58 42
58 61
58 86
13 66
13 65
66 73
66 69
73 16
16 74
57 10
10 56
42 5
5 40
56 44
44 6
78 47
47 7
47 92
7 48
7 46
48 79
48 88
4 37
61 12
12 63
12 62
53 84
84 19
92 82
92 22
92 51
6 45
97 24
97 91
24 99
46 67
67 14
22 93
51 8
51 41
8 49
76 95
72 15
15 70
86 20
81 18