89 34 21 90 92 45 6 44 39 4 37 54 9 52 64 13 58 11 65 59 38 62 66 77 17 78 80 32 2 31 49 8 50 99 24 97 3 85 57 35 55 10 53 74 27 0 26 61 12 84 33 81 18 28 1 29 98 25 72 46 7 48 95 23 94 19 51 16 79 67 82 14 68 56
89 34
89 21
89 64
89 32
89 72
34 3
21 90
21 14
90 92
90 84
92 45
45 6
45 58
45 62
45 95
6 44
44 39
44 50
39 4
4 37
4 38
37 54
54 9
9 52
64 13
13 65
13 66
58 11
58 99
58 55
58 53
11 59
62 80
62 12
62 25
66 77
77 17
77 74
17 78
78 61
80 18
32 2
32 81
32 28
2 31
31 49
49 8
8 51
99 24
24 97
24 98
97 85
3 35
85 57
55 10
55 26
10 56
74 27
74 16
27 0
61 67
84 33
84 19
18 79
28 1
1 29
29 68
72 46
46 7
7 48
95 23
23 94
19 82