77 58 51 17 92 22 91 31 2 32 61 70 95 12 63 66 13 64 85 99 24 62 97 36 23 96 3 35 68 43 44 6 30 98 34 8 49 56 39 4 38 11 59 73 65 48 47 7 88 21 90 10 55 94 78 14 33 69 82 19 84 60 16 75 20 86 37 76 93 45 89 15 72 81 18
77 58
77 51
77 17
77 36
58 70
58 66
58 11
51 92
51 8
51 47
17 78
17 76
92 22
92 56
22 91
22 14
22 93
91 31
31 2
31 82
2 32
2 33
32 61
61 12
61 75
70 95
70 15
95 23
12 63
12 62
66 13
13 64
13 65
64 85
85 99
85 20
99 24
24 97
24 98
62 44
62 39
36 3
23 96
23 94
96 68
96 81
3 35
3 34
35 43
35 30
43 6
43 48
43 90
8 49
8 4
56 38
56 10
38 88
11 59
11 60
59 73
73 16
47 7
88 21
10 55
33 69
69 89
82 19
19 84
20 86
86 37
93 45
15 72
81 18