88 21 43 6 45 42 5 41 39 4 38 71 10 57 90 75 46 92 91 22 16 73 61 12 63 94 58 11 40 59 15 86 99 24 44 98 56 26 25 0 70 66 13 53 64 9 52 23 96 50 8 54 49 97 37 31 36 7 48 51 76 78 17 89 29 1 28 95 35 3 55 34 72 79 81 18 83 30 2 80 20 85 47 74 27 87 32 33 19 84 68 14
88 21
88 43
88 42
88 92
88 86
88 84
21 10
21 90
21 89
43 6
6 45
6 44
45 39
45 54
45 32
42 5
42 68
5 41
5 40
39 4
39 29
4 38
4 37
38 71
38 91
38 96
71 61
71 15
71 50
71 31
10 57
10 56
10 55
90 75
75 46
75 16
46 99
46 7
92 22
91 47
16 73
16 74
73 94
73 52
61 12
61 83
12 63
63 58
94 23
58 11
40 59
59 25
15 70
15 72
86 35
86 20
99 24
44 98
98 66
56 26
26 0
70 53
66 13
13 64
53 9
23 95
50 8
8 51
54 49
49 97
31 36
31 2
7 48
48 76
51 78
78 17
89 79
89 80
29 1
1 28
1 30
35 3
3 34
72 81
79 18
79 27
83 19
2 33
20 85
20 87
68 14