4 21 23 3 59 63 64 69 75 84 18 26 73 72 78 79 95 92 91 93 51 50 49 48 39 36 40 28 5 60 62 70 24 8 7 58 67 61 25 13 14 11 29 27 17 16 38 52 55 54 47 43 45 42 74 19 80 94 9 10 83 77 82 81 2 15 37 35 46 34 32 31 1 0 66
4 21
4 3
4 5
21 23
23 18
23 24
3 59
3 2
59 63
59 61
63 64
64 69
64 62
69 75
75 84
84 73
18 26
18 17
18 19
26 28
26 29
26 27
73 72
72 78
72 67
78 79
79 95
79 70
79 80
95 92
92 91
92 94
91 93
93 51
51 50
50 49
49 48
48 39
48 47
39 36
36 40
36 37
40 45
5 60
5 8
5 7
24 25
8 9
7 58
58 55
67 74
67 66
25 13
13 14
13 11
13 10
11 38
29 43
27 34
27 31
17 16
16 15
38 52
38 35
55 54
43 42
74 83
19 32
80 77
83 82
77 81
2 1
35 46
32 0