0 89 74 27 19 46 7 57 28 41 99 21 88 26 45 1 70 71 90 73 6 68 3 13 47 53 63 69 98 93 32 39 87 24 86 23 14 65 38 51 61 76 9 25 55 82 77 10 17 64 56 67 31 62 36 60 78 84 83 91 94 95 80
0 89
0 74
0 57
0 99
0 88
0 70
0 71
0 90
0 73
0 98
0 93
0 87
0 86
0 61
0 76
0 55
0 82
0 77
0 78
0 84
0 83
0 91
0 94
0 95
0 80
89 27
27 19
19 46
19 28
19 69
46 7
46 45
7 31
57 21
28 41
41 13
21 14
88 26
26 65
45 1
45 68
71 3
73 6
3 47
13 53
47 63
69 51
98 38
93 32
32 39
87 24
86 23
14 56
65 60
38 67
61 36
76 9
9 25
82 17
77 10
17 64
56 62