42 5 80 94 70 15 71 88 40 30 69 33 51 8 49 27 37 4 39 66 14 23 0 25 91 22 68 93 55 10 56 86 92 62 52 9 54 21 12 61 97 24 99 95 73 16 57 74 98 83 19 84 13 43 6 44 75 59 11 60 64 2 32 96 82 38 29 1 20 87 89 18 79 78 76 17
42 5
42 80
5 40
80 94
80 66
80 18
94 70
94 23
94 29
70 15
70 86
15 71
71 88
71 69
88 21
88 99
88 43
40 30
40 55
30 33
30 1
69 14
69 73
69 76
33 51
33 2
51 8
8 49
49 27
49 54
27 37
27 0
27 97
37 4
37 59
37 78
4 39
66 84
66 13
14 68
23 95
23 96
0 25
25 91
91 22
22 93
55 10
55 61
10 56
10 57
86 92
86 20
92 62
62 52
62 12
62 82
52 9
54 38
21 89
97 24
95 44
73 16
16 75
57 74
57 32
74 98
98 83
83 19
13 64
43 6
75 60
59 11
20 87
18 79
76 17