49 50 51 52 53 54 55 56 57 58 59 60 61 62 63 64 65 66 67 68 69 70 71 72 73 3 74 4 75 5 6 76 7 77 8 78 9 79 10 80 81 13 82 48 83 47 84 46 85 12 45 17 86 44 18 87 43 19 88 42 20 41 89 21 40 22 90 39 23 91 38 24 92 37 25 36 26 35 27 34 28 33 29 32 30 31 93 94 95 96 97 1 98
49 50
49 3
49 48
49 1
50 51
51 52
52 53
53 54
54 55
55 56
56 57
57 58
58 59
59 60
60 61
61 62
62 63
63 64
64 65
65 66
66 67
67 68
68 69
69 70
70 71
71 72
72 73
73 74
3 4
74 75
4 5
75 76
5 6
6 7
76 77
7 8
77 78
8 9
78 79
9 10
79 80
10 13
80 81
81 82
13 12
82 83
48 47
83 84
47 46
84 85
46 45
85 86
12 17
45 44
17 18
86 87
44 43
18 19
87 88
43 42
19 20
88 89
42 41
20 21
41 40
89 90
21 22
40 39
22 23
90 91
39 38
23 24
91 92
38 37
24 25
92 93
37 36
25 26
36 35
26 27
35 34
27 28
34 33
28 29
33 32
29 30
30 31
93 94
94 95
95 96
96 97
97 98