7 48 46 50 8 49 99 24 98 60 11 59 81 18 80 47 55 52 58 40 82 34 94 95 23 84 19 5 10 56 38 4 39 64 13 65 71 86 57 51 41 73 67 72 15 37 53 9 33 2 32 44 6 27 43 78 91 22 93 63 12 61 17 77 96 68 14 69 66 76 97 45 42 20 85 3 26 36 29 1 28 79 89 90
7 48
7 46
7 47
48 69
46 50
46 84
50 8
50 56
8 49
8 51
49 99
49 94
49 57
99 24
24 98
24 97
98 60
98 91
60 11
60 85
11 59
11 58
59 81
59 64
59 63
81 18
18 80
18 79
80 55
80 95
80 77
47 52
47 78
55 10
58 40
58 38
58 93
40 82
40 5
82 34
34 71
34 44
34 3
34 29
94 23
23 96
84 19
5 41
5 42
56 26
38 4
38 72
4 39
4 37
64 13
13 65
13 66
65 86
65 68
86 20
57 27
51 73
41 89
41 90
73 67
72 15
37 53
37 45
53 9
53 33
33 2
2 32
44 6
27 43
78 17
91 22
91 28
63 12
12 61
17 76
68 14
26 36
29 1