16 73 62 46 7 47 25 0 74 86 26 87 20 12 27 70 69 61 88 21 15 71 79 18 81 84 19 83 42 5 41 34 30 72 91 40 60 22 93 75 96 23 95 48 65 76 35 3 45 6 44 32 80 54 17 78 89 37 56 10 57 64 13 36 2 33 90 4 39 1
16 73
16 74
16 75
73 62
62 46
62 12
62 65
46 7
7 47
7 48
47 25
47 81
47 84
47 32
47 54
25 0
25 56
0 26
0 27
74 86
74 42
86 88
26 87
87 20
87 91
12 61
27 70
70 69
70 15
88 21
21 89
21 90
15 71
15 72
71 79
71 39
79 18
18 80
84 19
19 83
83 30
42 5
42 64
5 41
5 40
41 34
41 76
30 1
72 35
72 45
91 60
91 22
60 37
22 93
75 96
96 23
23 95
65 13
76 17
35 3
3 36
45 6
6 44
32 2
54 78
37 4
56 10
10 57
2 33