49 59 68 40 39 41 33 26 76 75 74 66 58 20 83 77 42 14 69 88 78 34 79 72 64 54 44 35 32 25 43 52 62 71 70 82 9 21 27 92 30 84 38 57 47 18 23 17 12 6 24 31 51 61 50 48 13 73 60 22 16 29 89 93 96 95 3 80 81 87 86 19 7 4 5 63 8 2 90 36 28 65 98
49 59
49 40
49 39
49 48
59 68
59 58
68 76
68 75
68 69
68 60
40 41
40 31
40 50
39 30
39 38
41 33
41 42
41 32
41 51
33 26
33 34
33 25
26 20
26 27
26 19
76 83
76 77
76 82
75 74
75 81
74 66
74 73
58 57
20 14
20 21
83 88
83 89
77 78
77 70
77 84
42 43
42 52
14 9
14 13
88 92
88 93
78 79
78 71
34 35
79 72
72 64
64 54
54 44
35 36
25 18
25 24
52 62
71 63
82 87
9 6
9 5
9 8
21 28
92 96
92 95
30 23
30 22
30 29
84 90
38 47
18 12
23 17
12 7
6 3
51 61
73 80
73 65
22 16
95 98
3 2
81 86
7 4