4 38 39 98 24 97 79 62 12 63 37 44 70 75 61 46 7 47 36 29 1 28 26 0 27 95 94 23 52 32 2 88 21 89 96 68 14 67 90 18 80 73 16 15 9 41 5 40 55 82 54 71 57 10 56 6 85 45 83 30 34 3 35 20 87 31 33 69 66 13 65 60 74 50 42 25 86 91 22 93 92 8 81 43 48
4 38
4 39
4 37
4 7
4 1
38 98
38 79
38 34
39 94
39 85
39 92
98 24
98 83
24 97
97 63
97 68
79 62
79 18
62 12
12 61
37 44
37 60
44 70
44 95
44 6
70 75
70 15
75 52
75 16
61 46
46 88
7 47
7 48
47 36
36 29
36 73
1 28
28 26
28 50
26 0
0 27
0 25
94 23
23 2
23 96
23 13
52 32
52 9
32 56
88 21
21 89
21 90
89 41
68 14
14 67
14 5
14 69
18 80
18 8
18 81
16 74
15 71
9 54
5 40
5 42
40 55
55 82
55 66
71 57
57 10
6 45
6 43
85 20
83 30
34 3
3 35
35 33
20 87
20 86
87 31
13 65
74 91
91 22
22 93