1 29 10 96 85 57 56 28 95 60 17 23 88 97 49 45 36 12 34 27 53 89 94 16 2 43 61 13 41 79 8 40 73 19 99 51 39 18 22 44 37 24 72 32 38 50 69 98 31 63 92 70 80 7 78 0 91 30 33 48 83 54 42 3 84
1 29
1 96
1 85
1 57
1 50
1 33
1 83
29 10
29 27
29 69
10 94
10 40
96 88
96 79
96 8
96 42
85 56
57 17
57 24
56 28
56 41
28 95
28 63
95 60
95 97
95 13
17 23
17 0
88 49
88 53
88 48
97 44
49 45
49 16
49 37
45 36
45 39
36 12
12 34
34 91
34 3
53 89
94 2
94 43
94 84
43 61
61 19
13 18
13 38
79 99
40 73
19 80
99 51
51 72
18 22
18 92
22 7
37 32
69 98
98 31
63 70
63 30
80 78
83 54