95 23 94 58 11 60 42 32 2 67 31 33 96 54 9 53 55 10 57 61 12 63 87 14 20 85 51 68 64 28 34 65 13 79 81 18 1 29 27 0 26 90 8 49 69 98 21 80 88 59 93 75 74 16 73 91 22 84 19 82 44 6 43 25 78 17 77 56 72 70 15 3 52 37 35 38 4 83 24 99 36 48 30 92 89 5
95 23
95 67
95 79
23 94
23 96
94 58
94 44
58 11
58 65
11 60
11 0
11 59
60 42
60 78
42 32
42 36
42 5
32 2
32 27
32 75
2 31
2 33
67 14
67 48
67 92
33 57
96 54
54 9
54 87
9 53
9 52
53 55
53 74
55 10
55 61
55 90
10 56
61 12
61 82
12 63
87 20
87 72
14 68
14 69
20 85
85 51
51 28
51 8
51 91
68 64
64 70
28 34
28 81
28 1
34 3
65 13
79 18
18 80
1 29
0 26
90 21
8 49
69 98
98 24
21 88
59 93
59 84
93 22
74 16
16 73
84 19
84 37
19 83
44 6
44 77
44 99
6 43
43 25
78 17
78 89
56 38
72 15
3 35
38 4
48 30