15 14 13 12 11 50 16 45 10 51 9 17 44 52 8 18 43 7 53 19 42 6 54 20 5 41 55 4 21 56 3 57 2 58 1 59 0 60 61 69 62 68 63 67 64 66 65 40 22 39 23 38 24 37 25 36 26 35 27 34 28 33 29 32
15 14
15 50
15 16
15 45
14 13
13 12
12 11
11 10
50 51
16 17
45 44
10 9
51 52
9 8
17 18
44 43
52 53
8 7
18 19
43 42
7 6
53 54
19 20
42 41
6 5
54 55
20 21
5 4
41 40
55 56
4 3
21 22
56 57
3 2
57 58
2 1
58 59
1 0
59 60
0 69
60 61
61 62
69 68
62 63
68 67
63 64
67 66
66 65
40 39
22 23
39 38
23 24
38 37
24 25
37 36
25 26
36 35
26 27
35 34
27 28
34 33
28 29
33 32