0 23 54 19 82 17 53 9 32 15 31 24 21 43 89 50 94 76 70 71 16 25 77 20 75 92 52 46 58 65 40 62 3 8 80 93 68 99 59 29 90 13 44 2 88 96 72 56 12 7 81 48 22 57 42 4 87 41 67 11 86 79 85 83 66 64 78 26 63 84 69
0 23
0 82
0 89
0 94
0 76
0 71
0 77
0 75
0 92
0 65
0 62
0 80
0 93
0 68
0 99
0 90
0 88
0 96
0 72
0 81
0 87
0 67
0 86
0 79
0 85
0 83
0 66
0 64
0 78
0 63
0 84
0 69
23 54
54 19
54 56
54 57
19 17
19 15
19 52
17 53
53 9
53 7
9 32
9 4
32 40
15 31
15 70
15 13
31 24
31 16
24 21
21 43
21 50
43 20
50 25
92 46
52 58
65 8
62 3
80 29
93 48
68 12
99 59
90 44
13 2
88 42
48 22
87 41
67 11
78 26