0 34 17 44 1 43 4 15 23 42 50 8 22 6 49 7 79 55 14 26 58 18 89 25 61 24 19 59 94 92 88 56 90 9 81 30 97 76 27 96 78 45 91 21 60 2 75 10 77 5 47 31 87 57 16 35 84 12 54 98 82 85 95 80 83 11 41 64
0 34
0 44
0 50
0 49
0 55
0 58
0 61
0 59
0 56
0 30
0 45
0 60
0 47
0 57
0 54
0 64
34 17
34 43
17 6
17 88
17 9
17 27
17 35
44 1
1 15
1 89
1 92
1 90
1 91
1 75
1 77
1 87
1 84
1 98
1 82
1 85
1 95
1 80
1 83
43 4
4 23
4 76
4 11
23 42
42 22
50 8
6 25
6 78
49 7
7 79
55 14
14 26
14 10
58 18
18 19
18 41
25 94
25 21
61 24
9 81
30 97
27 96
45 2
2 31
10 5
57 16
35 12