0 14 66 5 7 31 44 22 53 93 3 41 48 90 25 36 83 29 6 69 61 9 81 97 45 56 60 35 91 37 99 47 24 87 33 94 42 8 34 98 92 95 43 10 70 77 89 67 20 50 85 40 51 11 46 58 38 76 18 59 75 74 63 78 72
0 14
0 66
0 22
0 93
0 90
0 83
0 69
0 81
0 97
0 91
0 99
0 87
0 94
0 98
0 92
0 95
0 70
0 77
0 89
0 67
0 85
0 76
0 75
0 74
0 63
0 78
0 72
14 34
14 38
66 5
5 7
5 25
7 31
7 61
31 44
44 3
44 35
22 53
93 41
41 48
48 56
25 36
25 6
25 50
83 29
69 9
9 10
81 24
97 45
45 60
91 37
99 47
24 51
87 33
33 58
94 42
42 8
34 59
98 46
92 40
95 43
77 20
40 11
76 18