0 26 3 91 43 83 31 1 96 47 49 56 23 72 15 18 16 41 40 57 29 36 19 59 77 32 22 90 42 73 69 11 17 60 63 61 2 86 75 25 68 10 20 95 48 4 88 65 6 38 67 9 92 44 82 30 84 99 94 64 66
0 26
0 91
0 83
0 96
0 72
0 77
0 90
0 73
0 69
0 63
0 61
0 86
0 75
0 68
0 95
0 88
0 65
0 67
0 92
0 82
0 84
0 99
0 94
0 64
0 66
26 3
3 1
3 23
3 25
91 43
43 15
83 31
31 40
1 47
96 49
49 56
49 9
56 19
23 18
72 16
15 41
18 32
16 29
41 57
40 36
29 59
77 22
90 42
73 17
69 11
17 60
17 48
63 4
61 2
75 20
68 10
88 38
65 6
92 44
82 30