45 77 37 34 15 22 4 47 64 89 86 97 29 58 44 23 17 18 40 46 1 10 81 68 73 80 70 51 56 21 95 7 71 12 74 57 92 62 83 72 88 79 85 14 43 39 87 66 78 69 84 38 33 13 9 65 42 54 94 96 30 98
45 77
45 37
45 51
77 34
77 92
37 15
37 70
34 22
34 40
34 71
34 9
15 81
15 56
15 74
22 4
22 86
4 47
47 64
64 89
64 10
89 1
89 79
86 97
86 72
97 29
29 58
29 80
58 44
58 39
44 23
44 85
23 17
23 7
17 18
17 98
18 69
40 46
40 13
46 54
1 73
10 87
81 68
81 38
68 95
68 14
80 43
51 88
56 21
56 12
71 78
71 42
74 57
92 62
62 83
88 84
79 94
87 66
87 96
38 33
9 65
96 30