16 17 15 18 14 19 13 20 12 21 11 22 10 23 9 24 8 25 7 26 6 5 27 4 3 2 1 28 0 99 29 98 97 30 96 95 94 31 93 92 32 91 33 90 34 89 88 35 87 36 86 37 85 38 84 39 83 40 82 41 81 42 80 43 79 44 45 78 46 77 47 76 48 49 75 50 51 52 74 53 54 55 73 56 57 58 59 72 60 61 71 62 70 63 69 64 65 68
16 17
16 15
17 18
15 14
18 19
14 13
19 20
13 12
20 21
12 11
21 22
11 10
22 23
10 9
23 24
9 8
24 25
8 7
25 26
7 6
26 27
6 5
5 4
27 28
4 3
3 2
2 1
1 0
28 29
0 99
99 98
29 30
98 97
97 96
30 31
96 95
95 94
94 93
31 32
93 92
92 91
32 33
91 90
33 34
90 89
34 35
89 88
88 87
35 36
87 86
36 37
86 85
37 38
85 84
38 39
84 83
39 40
83 82
40 41
82 81
41 42
81 80
42 43
80 79
43 44
79 78
44 45
45 46
78 77
46 47
77 76
47 48
76 75
48 49
49 50
75 74
50 51
51 52
52 53
74 73
53 54
54 55
55 56
73 72
56 57
57 58
58 59
59 60
72 71
60 61
61 62
71 70
62 63
70 69
63 64
69 68
64 65