0 96 41 84 23 22 37 52 8 34 73 7 87 28 32 74 54 19 4 44 97 42 93 57 85 51 66 26 16 35 64 21 38 59 58 98 47 49 11 77 63 67 13 27 86 94 95 40 39 76 83 78 89 31 2 69 71 10 29 79 14 70 3 25 46 24 50 75 82
0 96
0 84
0 73
0 87
0 74
0 97
0 85
0 16
0 98
0 77
0 86
0 94
0 95
0 76
0 83
0 78
0 89
0 69
0 71
0 79
0 70
0 75
0 82
96 41
41 63
84 23
23 22
23 32
22 37
37 52
37 42
37 93
52 8
8 34
8 25
73 7
7 19
7 57
87 28
28 67
32 54
32 51
54 4
54 2
19 11
4 44
42 46
57 66
85 26
51 13
66 21
26 64
16 35
64 38
21 59
38 58
98 47
47 49
63 24
67 50
13 27
94 39
95 40
76 10
89 31
10 29
79 14
70 3