57 54 51 49 47 45 40 35 30 61 66 69 73 75 78 82 53 50 48 46 42 39 34 27 24 22 17 12 62 67 72 74 76 79 7 26 23 20 16 11 86 87 91 92 13 36 63 88 3 41 68 94 4 8 15 33 60 85 96
57 54
57 61
57 53
57 62
54 51
51 49
49 47
47 45
45 40
40 35
35 30
35 36
30 27
30 26
61 66
61 60
66 69
69 73
73 75
75 78
78 82
82 86
82 87
53 50
50 48
48 46
46 42
42 39
39 34
34 33
27 24
24 22
22 17
17 12
12 7
12 13
62 67
62 63
67 72
72 74
74 76
76 79
7 3
7 4
7 8
26 23
23 20
20 16
16 11
11 15
86 91
86 85
87 92
87 88
91 94
92 96
36 41
63 68