0 84 77 13 4 70 71 15 9 46 57 69 87 29 62 80 8 31 75 16 40 3 25 1 41 78 6 2 74 90 19 12 56 23 72 7 94 81 58 34 98 82 66 10 42 37 24 96 61 45 67 76 79 86 43 5 32 30 44 54 53 85 97 93 83 92
0 84
0 77
0 57
0 87
0 80
0 75
0 78
0 74
0 90
0 94
0 81
0 98
0 82
0 96
0 76
0 79
0 86
0 85
0 97
0 93
0 83
0 92
84 13
77 4
13 70
13 34
13 32
4 3
4 61
4 45
70 71
70 69
71 15
71 6
15 9
9 46
57 31
69 29
69 56
87 16
29 62
62 8
62 1
8 66
31 40
75 2
16 41
16 37
40 25
40 43
2 58
2 24
90 19
19 12
12 72
56 23
23 7
72 5
34 67
82 10
10 42
37 30
61 44
45 54
67 53