43 46 75 16 74 35 3 36 84 86 83 19 61 26 0 25 42 60 7 48 29 62 12 6 77 54 9 53 80 91 18 81 92 22 56 93 90 21 89 78 17 97 45 47 73 94 23 96 44 69 76 5 40 63 52 37 4 50 38 27 14 67 11 58 64 59 31 2 32 82 1 68 10
43 46
43 35
43 86
43 29
43 6
43 77
46 75
46 7
46 40
75 16
16 74
16 73
74 80
35 3
3 36
36 84
36 60
86 83
86 92
86 67
83 19
83 61
19 82
61 26
61 37
26 0
0 25
25 42
25 78
25 97
60 11
7 48
7 47
48 62
48 91
48 64
29 1
62 12
12 5
12 63
6 45
6 44
77 54
77 17
54 9
9 53
9 52
53 50
80 18
91 81
91 27
18 23
81 56
92 22
22 93
56 10
93 90
93 69
90 21
21 89
17 76
97 94
73 96
44 31
69 14
37 4
4 38
14 68
11 58
64 59
31 2
2 32