73 82 19 16 83 74 99 47 7 48 67 14 68 87 35 3 28 39 36 81 44 89 21 6 45 56 90 93 55 10 57 18 78 17 77 96 23 95 71 25 32 27 0 54 9 52 15 84 72 80 79 88 4 38 66 13 43 65 42 5 40 50 8 49 2 31 20 85 22 91 64 53 33 60 11 51
73 82
73 16
73 57
73 77
73 54
82 19
82 44
19 83
19 84
16 74
83 99
83 35
83 88
74 87
99 47
99 80
47 7
7 48
7 11
48 67
48 28
48 78
48 40
67 14
14 68
68 71
87 66
87 20
35 3
35 81
35 89
3 36
28 39
39 4
81 18
81 91
44 6
89 21
89 25
21 90
6 45
6 43
45 56
45 96
90 93
93 55
93 22
55 10
55 32
18 15
18 79
78 17
77 31
96 23
23 95
25 0
32 27
32 2
32 60
54 9
54 38
54 42
9 52
9 53
84 72
80 50
79 64
66 13
43 65
42 5
50 8
8 49
8 51
20 85
53 33