1 6 3 41 18 0 21 65 24 45 63 22 54 8 91 40 13 48 74 17 34 28 39 49 90 5 10 99 12 81 44 58 61 4 86 75 35 2 19 98 68 27 59 15 92 78 67 30 26 9 20 94 79 88 7 53 50 85 97 66 25 77 37 70 60 16 57 83 46 64 23 96 56
1 6
1 22
1 91
1 48
1 90
1 99
1 86
1 98
1 92
1 94
1 88
1 97
1 96
6 3
6 21
3 41
3 8
41 18
18 0
18 49
0 65
0 63
0 54
0 74
0 81
0 58
0 61
0 4
0 75
0 68
0 59
0 78
0 67
0 79
0 53
0 50
0 85
0 66
0 77
0 70
0 60
0 57
0 83
0 64
0 56
21 45
21 40
21 12
65 24
24 20
40 13
13 30
48 17
74 34
17 39
34 28
49 5
5 10
5 46
10 2
12 44
75 35
35 19
68 27
59 15
67 26
26 9
88 7
66 25
77 37
60 16
64 23