58 30 59 60 43 57 28 16 21 38 8 35 32 15 44 42 34 40 7 48 10 74 0 69 72 80 13 61 1 76 47 64 17 27 71 3 82 90 77 51 67 18 65 25 63 54 20 78 81 5 66 23 14 24 41 45 52 9 56 87 12 37 33 11 91 49 2 36 97 84 93 88
58 30
58 59
58 57
58 74
30 43
30 44
30 80
59 60
60 69
60 72
60 61
60 64
43 16
43 38
57 28
57 56
28 21
16 8
16 37
21 15
21 17
38 35
38 48
8 32
8 7
35 34
15 10
15 12
44 42
42 40
40 41
40 36
7 0
48 47
48 49
10 13
74 71
0 1
69 90
72 76
80 78
80 52
13 51
61 27
1 3
76 77
47 82
64 66
64 88
17 9
27 20
71 67
3 5
3 14
82 81
90 97
77 93
51 18
67 65
18 25
65 63
63 54
20 23
78 87
81 84
66 91
23 24
41 45
9 2
12 11
37 33