44 45 54 55 43 46 53 56 34 35 64 65 33 36 63 66 42 47 52 57 32 37 62 67 24 25 74 75 23 26 73 76 41 48 51 58 31 38 61 68 22 27 72 77 40 49 50 59 21 28 71 78 14 15 84 85 30 39 60 69 13 16 83 86 12 17 82 87 20 29 70 79 11 18 81 88 4 5 94 95 3 6 93 96 10 19 80 89
44 45
44 54
44 43
44 34
45 46
45 35
54 55
54 53
54 64
55 56
55 65
43 42
46 47
53 52
56 57
34 33
34 24
35 36
35 25
64 63
64 74
65 66
65 75
33 32
33 23
36 37
36 26
63 62
63 73
66 67
66 76
42 41
47 48
52 51
57 58
32 31
32 22
37 38
37 27
62 61
62 72
67 68
67 77
24 14
25 15
74 84
75 85
23 13
26 16
73 83
76 86
41 40
48 49
51 50
58 59
31 30
38 39
61 60
68 69
22 21
22 12
27 28
27 17
72 71
72 82
77 78
77 87
21 20
21 11
28 29
28 18
71 70
71 81
78 79
78 88
14 4
15 5
84 94
85 95
13 3
16 6
83 93
86 96
11 10
18 19
81 80
88 89