31 40 49 8 51 62 12 61 93 22 92 30 54 88 80 95 23 94 1 29 44 84 19 5 42 82 59 75 16 73 77 97 18 83 81 27 0 26 2 33 35 3 36 70 38 50 6 45 24 91 99 47 21 90 67 68 14 25 79 78 17 66 13 65 11
31 40
31 49
31 27
31 2
40 62
40 5
40 90
49 8
8 51
8 50
51 30
62 12
62 26
12 61
61 93
93 22
93 67
22 92
22 91
92 54
30 88
30 1
30 70
30 65
54 80
54 35
88 21
80 95
80 18
95 23
95 38
23 94
94 84
94 77
1 29
29 44
84 19
19 82
19 83
5 42
42 73
42 97
82 59
59 75
59 66
59 11
75 16
77 17
97 24
18 81
18 79
81 36
27 0
0 25
26 45
2 33
2 6
35 3
70 68
91 99
91 47
67 14
79 78
66 13