49 50 53 46 43 42 56 57 60 39 36 35 63 64 67 32 29 70 28 71 74 25 22 77 21 78 81 18 15 84 14 85 88 11 8 91 7 92 95 75 68 82 61 89 54 55 51 58 62 4 96 47 48 44 6 13 65 69 40 41 37 20 27 33 34 30 72 76 26 23 1 98
49 50
49 46
49 48
50 53
53 56
53 54
46 43
46 47
43 42
42 39
42 40
42 41
56 57
56 55
57 60
60 63
60 61
39 36
36 35
35 32
35 33
35 34
63 64
63 62
64 67
67 70
67 68
32 29
29 28
70 71
28 25
28 27
28 26
71 74
74 77
74 75
25 22
22 21
77 78
21 18
21 20
78 81
81 84
81 82
18 15
15 14
84 85
14 11
14 13
85 88
88 91
88 89
11 8
8 7
91 92
7 4
7 6
92 95
95 96
95 98
75 72
68 65
61 58
54 51
4 1
48 44
65 69
41 37
27 23
34 30
72 76