25 99 16 63 6 29 39 96 66 9 48 98 40 70 41 42 84 88 38 53 27 12 89 54 22 90 61 8 35 93 32 47 33 3 85 50 37 45 51 20 74 82 0 17 69 64 68 36 7 58 77 95 46 62 79 21 43 81 10 13 91 11 80 57 94 55 97 26 92
25 99
25 16
25 48
99 12
99 45
99 7
99 21
16 63
16 9
16 37
63 6
6 29
29 39
29 66
39 96
96 27
96 82
66 20
66 74
66 43
9 53
9 69
9 62
48 98
98 40
40 70
40 17
70 41
70 33
41 42
42 84
84 88
88 38
38 93
38 77
27 89
27 85
12 22
12 61
89 54
89 32
54 46
22 90
22 55
61 8
61 11
8 35
32 47
32 97
33 3
3 92
85 50
85 91
85 94
37 51
37 58
20 36
74 68
82 0
69 64
68 79
58 95
58 10
95 81
43 13
11 80
80 57
97 26