50 51 48 47 53 54 45 44 56 57 42 41 59 60 39 38 62 63 36 35 65 66 33 32 68 69 30 29 71 72 27 26 74 75 24 23 77 78 21 20 80 81 18 17 83 84 15 14 86 87 12 11 89 90 9 8 92 93 6 5 95 96 3 2 98
50 51
50 48
51 53
48 47
47 45
53 54
54 56
45 44
44 42
56 57
57 59
42 41
41 39
59 60
60 62
39 38
38 36
62 63
63 65
36 35
35 33
65 66
66 68
33 32
32 30
68 69
69 71
30 29
29 27
71 72
72 74
27 26
26 24
74 75
75 77
24 23
23 21
77 78
78 80
21 20
20 18
80 81
81 83
18 17
17 15
83 84
84 86
15 14
14 12
86 87
87 89
12 11
11 9
89 90
90 92
9 8
8 6
92 93
93 95
6 5
5 3
95 96
96 98
3 2