47 32 27 0 7 48 61 26 60 29 1 30 80 18 79 84 71 2 33 68 14 69 37 91 15 70 85 20 72 65 13 66 86 73 75 16 19 83 31 50 67 82 40 56 43 6 44 11 58 95 23 94 64 98 24 99 28 10 88 21 90 4 96 39 25 76 78 17 77 36 35 3 74 46 97 57 55 87 42 5 63 41 59 52 9 54 12 62 38 81 34 22
47 32
47 7
47 60
47 99
47 52
32 27
32 71
32 2
32 73
27 0
27 85
27 65
27 98
0 26
0 25
7 48
7 46
48 61
48 50
61 63
61 12
26 83
60 29
60 11
60 64
29 1
1 30
1 28
30 80
30 36
80 18
80 56
80 95
18 79
18 81
79 84
79 68
84 19
71 15
2 33
2 31
2 21
33 91
33 94
33 35
68 14
14 69
69 37
37 4
91 22
15 70
15 72
85 20
20 86
20 87
72 76
72 77
65 13
13 66
66 43
86 75
73 16
75 40
16 74
19 82
50 67
56 44
56 10
43 6
11 58
11 59
95 23
95 88
23 96
98 24
24 97
10 57
10 55
21 90
96 39
25 78
25 42
78 17
36 3
97 38
42 5
63 41
52 9
9 54
12 62
81 34