76 17 52 77 42 34 3 36 38 5 40 39 4 56 35 27 0 29 26 90 21 88 86 20 85 10 70 46 55 66 78 62 12 61 67 14 69 15 71 87 92 44 6 45 1 28 65 13 37 63 41 99 97 24 75 16 73 74 30 31 95 23 94
76 17
76 52
76 42
17 77
17 78
52 86
77 56
77 92
77 28
42 34
42 5
34 3
34 88
3 36
3 35
36 38
36 67
38 4
38 65
38 95
5 40
5 41
40 39
39 90
39 75
4 37
56 27
56 10
35 29
35 44
27 0
29 26
29 1
26 73
90 21
86 20
86 94
20 85
20 87
85 70
10 55
70 46
70 15
55 66
78 62
62 12
12 61
12 63
67 14
14 69
69 71
69 97
92 45
44 6
44 74
1 30
65 13
63 31
41 99
99 24
75 16
95 23