14 66 85 24 18 52 10 75 74 80 69 35 44 45 95 98 57 89 31 32 33 4 17 77 43 40 12 13 63 78 55 30 58 96 48 36 49 5 79 72 64 87 99 65 22 50 82 83 38 27 56 0 42 47 62 21 39 23 1 8 73 54 59 46 93 29
14 66
14 24
14 52
14 63
66 85
66 78
66 96
85 18
85 10
24 75
24 12
24 21
24 23
18 40
18 62
52 44
52 43
52 83
10 80
10 95
75 74
75 57
74 35
74 33
80 69
80 39
69 0
44 45
45 49
95 98
95 73
57 89
57 4
57 55
89 31
31 32
31 38
32 99
4 17
17 77
77 64
43 48
43 82
40 58
12 13
63 22
78 30
58 72
58 87
58 1
96 50
48 36
48 27
49 5
5 79
64 65
99 42
65 47
22 46
50 56
42 8
47 54
62 29
21 93
54 59